SecCoreStartupWithStack(0xFFFCC000, 0x820000)
Register PPI Notify: DCD0BE23-9586-40F4-B643-06522CED4EDE
Install PPI: 8C8CE578-8A3D-4F1C-9935-896185C32DD3
Install PPI: 5473C07A-3DCB-4DCA-BD6F-1E9689E7349A
The 0th FV start address is 0x00000820000, size is 0x000E0000, handle is 0x820000
Register PPI Notify: 49EDB1C1-BF21-4761-BB12-EB0031AABB39
Register PPI Notify: EA7CA24B-DED5-4DAD-A389-BF827E8F9B38
Install PPI: B9E0ABFE-5979-4914-977F-6DEE78C278A6
Install PPI: DBE23AA9-A345-4B97-85B6-B226F1617389
DiscoverPeimsAndOrderWithApriori(): Found 0x7 PEI FFS files in the 0th FV
Loading PEIM 9B3ADA4F-AE56-4C24-8DEA-F03B7558AE50
Loading PEIM at 0x0000082C6C0 EntryPoint=0x0000082E2D7 PcdPeim.efi
Install PPI: 06E81C58-4AD7-44BC-8390-F10265F72480
Install PPI: 01F34D25-4DE2-23AD-3FF3-36353FF323F1
Install PPI: 4D8B155B-C059-4C8F-8926-06FD4331DB8A
Install PPI: A60C6B59-E459-425D-9C69-0BCC9CB27D81
Register PPI Notify: 605EA650-C65C-42E1-BA80-91A52AB618C6
Loading PEIM A3610442-E69F-4DF3-82CA-2360C4031A23
Loading PEIM at 0x00000831540 EntryPoint=0x000008329FF ReportStatusCodeRouterPei.efi
Install PPI: 0065D394-9951-4144-82A3-0AFC8579C251
Install PPI: 229832D3-7A30-4B36-B827-F40CB7D45436
Loading PEIM 9D225237-FA01-464C-A949-BAABC02D31D0
Loading PEIM at 0x00000833740 EntryPoint=0x00000833B44 StatusCodeHandlerPei.efi
Loading PEIM 222C386D-5ABC-4FB4-B124-FBB82488ACF4
Loading PEIM at 0x000008359C0 EntryPoint=0x00000835C00 PlatformPei.efi
Select Item: 0x0
FW CFG Signature: 0x554D4551
Select Item: 0x1
FW CFG Revision: 0x3
QemuFwCfg interface (DMA) is supported.
Platform PEIM Loaded
CMOS:
00: 18 00 31 00 08 00 04 08 01 20 26 02 00 80 00 00
10: 40 00 F0 00 07 80 02 FF FF 2F 00 5D 00 10 FF FF
20: C8 5D 00 3F 00 00 00 00 00 00 00 00 00 00 00 00
30: FF FF 20 00 00 1F 00 20 30 02 00 00 00 12 00 00
40: 00 00 00 00 00 00 00 00 00 00 00 00 00 00 00 00
50: 00 00 00 00 00 00 00 00 00 00 00 00 00 00 00 00
60: 00 00 00 00 00 00 00 00 00 00 00 00 00 00 00 00
70: 00 00 00 00 00 00 00 00 00 00 00 00 00 00 00 00
Select Item: 0x19
Select Item: 0x25
S3 support was detected on QEMU
Install PPI: 7408D748-FC8C-4EE6-9288-C4BEC092A410
Select Item: 0x19
Select Item: 0x23
Select Item: 0x19
Select Item: 0x19
GetFirstNonAddress: Pci64Base=0x800000000 Pci64Size=0x800000000
Select Item: 0x5
MaxCpuCountInitialization: QEMU reports 1 processor(s)
PublishPeiMemory: mPhysMemAddressWidth=36 PeiMemoryCap=65800 KB
PeiInstallPeiMemory MemoryBegin 0x1BF36000, MemoryLength 0x4042000
QemuInitializeRam called
Select Item: 0x19
Select Item: 0x23
Reserved variable store memory: 0x1FEF4000; size: 528kb
Platform PEI Firmware Volume Initialization
Install PPI: 49EDB1C1-BF21-4761-BB12-EB0031AABB39
Notify: PPI Guid: 49EDB1C1-BF21-4761-BB12-EB0031AABB39, Peim notify entry point: 8261B7
The 1th FV start address is 0x00000900000, size is 0x00B00000, handle is 0x900000
Select Item: 0x19
Select Item: 0x19
Register PPI Notify: EE16160A-E8BE-47A6-820A-C6900DB0250A
Select Item: 0x19
Temp Stack : BaseAddress=0x818000 Length=0x8000
Temp Heap  : BaseAddress=0x810000 Length=0x8000
Total temporary memory:    65536 bytes.
  temporary memory stack ever used:       29688 bytes.
  temporary memory heap used for HobList: 6480 bytes.
  temporary memory heap occupied by memory pages: 0 bytes.
Memory Allocation 0x0000000A 0x1FF78000 - 0x1FFFFFFF
Memory Allocation 0x0000000A 0x810000 - 0x81FFFF
Memory Allocation 0x0000000A 0x807000 - 0x807FFF
Memory Allocation 0x0000000A 0x800000 - 0x805FFF
Memory Allocation 0x0000000A 0x806000 - 0x806FFF
Memory Allocation 0x00000006 0x1FEF4000 - 0x1FF77FFF
Memory Allocation 0x0000000A 0x820000 - 0x8FFFFF
Memory Allocation 0x00000004 0x900000 - 0x13FFFFF
Old Stack size 32768, New stack size 131072
Stack Hob: BaseAddress=0x1BF36000 Length=0x20000
Heap Offset = 0x1B746000 Stack Offset = 0x1B736000
TemporaryRamMigration(0x810000, 0x1BF4E000, 0x10000)
Loading PEIM 52C05B14-0B98-496C-BC3B-04B50211D680
Loading PEIM at 0x0001FEE7000 EntryPoint=0x0001FEEB3AC PeiCore.efi
Reinstall PPI: 8C8CE578-8A3D-4F1C-9935-896185C32DD3
Reinstall PPI: 5473C07A-3DCB-4DCA-BD6F-1E9689E7349A
Reinstall PPI: B9E0ABFE-5979-4914-977F-6DEE78C278A6
Install PPI: F894643D-C449-42D1-8EA8-85BDD8C65BDE
Loading PEIM 86D70125-BAA3-4296-A62F-602BEBBB9081
Loading PEIM at 0x0001FEE1000 EntryPoint=0x0001FEE2D28 DxeIpl.efi
Install PPI: 1A36E4E7-FAB6-476A-8E75-695A0576FDD7
Install PPI: 0AE8CE5D-E448-4437-A8D7-EBF5F194F731
Loading PEIM 89E549B0-7CFE-449D-9BA3-10D8B2312D71
Loading PEIM at 0x0001FEDC000 EntryPoint=0x0001FEDDE24 S3Resume2Pei.efi
Install PPI: 6D582DBC-DB85-4514-8FCC-5ADF6227B147
Loading PEIM EDADEB9D-DDBA-48BD-9D22-C1C169C8C5C6
Loading PEIM at 0x0001FED2000 EntryPoint=0x0001FED3E7B CpuMpPei.efi
Register PPI Notify: F894643D-C449-42D1-8EA8-85BDD8C65BDE
Notify: PPI Guid: F894643D-C449-42D1-8EA8-85BDD8C65BDE, Peim notify entry point: 1FED2240
AP Loop Mode is 1
Register PPI Notify: 8F9D4825-797D-48FC-8471-845025792EF6
Does not find any stored CPU BIST information from PPI!
  APICID - 0x00000000, BIST - 0x00000000
Install PPI: 9E9F374B-8F16-4230-9824-5846EE766A97
Install PPI: 5CB9CB3D-31A4-480C-9498-29D269BACFBA
Install PPI: EE16160A-E8BE-47A6-820A-C6900DB0250A
Notify: PPI Guid: EE16160A-E8BE-47A6-820A-C6900DB0250A, Peim notify entry point: 838D35
PlatformPei: ClearCacheOnMpServicesAvailable
DiscoverPeimsAndOrderWithApriori(): Found 0x0 PEI FFS files in the 1th FV
DXE IPL Entry
Loading PEIM D6A2CB7F-6A18-4E2F-B43B-9920A733700A
Loading PEIM at 0x0001FEA0000 EntryPoint=0x0001FEAF24A DxeCore.efi
Loading DXE CORE at 0x0001FEA0000 EntryPoint=0x0001FEAF24A
AddressBits=36 5LevelPaging=0 1GPage=0
Pml5=1 Pml4=1 Pdp=64 TotalPage=66
Install PPI: 605EA650-C65C-42E1-BA80-91A52AB618C6
Notify: PPI Guid: 605EA650-C65C-42E1-BA80-91A52AB618C6, Peim notify entry point: 82FCBB
CoreInitializeMemoryServices:
  BaseAddress - 0x1BF59000 Length - 0x3CA7000 MinimalMemorySizeNeeded - 0x10F4000
InstallProtocolInterface: 5B1B31A1-9562-11D2-8E3F-00A0C969723B 1FEC3BA8
ProtectUefiImageCommon - 0x1FEC3BA8
  - 0x000000001FEA0000 - 0x0000000000029000
HOBLIST address in DXE = 0x1FA16018
Memory Allocation 0x0000000A 0x1FF78000 - 0x1FFFFFFF
Memory Allocation 0x0000000A 0x810000 - 0x81FFFF
Memory Allocation 0x0000000A 0x807000 - 0x807FFF
Memory Allocation 0x0000000A 0x800000 - 0x805FFF
Memory Allocation 0x0000000A 0x806000 - 0x806FFF
Memory Allocation 0x00000006 0x1FEF4000 - 0x1FF77FFF
Memory Allocation 0x0000000A 0x820000 - 0x8FFFFF
Memory Allocation 0x00000004 0x900000 - 0x13FFFFF
Memory Allocation 0x00000004 0x1FE80000 - 0x1FE9FFFF
Memory Allocation 0x00000003 0x1FEE7000 - 0x1FEF3FFF
Memory Allocation 0x00000003 0x1FEE1000 - 0x1FEE6FFF
Memory Allocation 0x00000003 0x1FEDC000 - 0x1FEE0FFF
Memory Allocation 0x00000003 0x1FED2000 - 0x1FEDBFFF
Memory Allocation 0x00000004 0x1FEC9000 - 0x1FED1FFF
Memory Allocation 0x00000003 0x1FEA0000 - 0x1FEC8FFF
Memory Allocation 0x00000003 0x1FEA0000 - 0x1FEC8FFF
Memory Allocation 0x00000004 0x1FE80000 - 0x1FE9FFFF
Memory Allocation 0x00000004 0x1FC00000 - 0x1FDFFFFF
Memory Allocation 0x00000007 0x1FE00000 - 0x1FE7FFFF
Memory Allocation 0x00000004 0x1BF36000 - 0x1BF55FFF
FV Hob            0x900000 - 0x13FFFFF
InstallProtocolInterface: D8117CFE-94A6-11D4-9A3A-0090273FC14D 1FEC41B0
InstallProtocolInterface: 8F644FA9-E850-4DB1-9CE2-0B44698E8DA4 1FA120B0
InstallProtocolInterface: 09576E91-6D3F-11D2-8E39-00A0C969723B 1FA12A98
InstallProtocolInterface: 220E73B6-6BDB-4413-8405-B974B108619A 1FA122B0
InstallProtocolInterface: EE4E5898-3914-4259-9D6E-DC7BD79403CF 1FEC3E50
Loading driver 9B680FCE-AD6B-4F3A-B60B-F59899003443
InstallProtocolInterface: 5B1B31A1-9562-11D2-8E3F-00A0C969723B 1F6C2040
Loading driver at 0x0001FB8F000 EntryPoint=0x0001FB95D92 DevicePathDxe.efi
InstallProtocolInterface: BC62157E-3E33-4FEC-9920-2D3B36D750DF 1F6EC398
ProtectUefiImageCommon - 0x1F6C2040
  - 0x000000001FB8F000 - 0x000000000000B580
InstallProtocolInterface: 0379BE4E-D706-437D-B037-EDB82FB772A4 1FB9A0E0
InstallProtocolInterface: 8B843E20-8132-4852-90CC-551A4E4A7F1C 1FB9A0C0
InstallProtocolInterface: 05C99A21-C70F-4AD2-8A5F-35DF3343F51E 1FB9A0A0
Loading driver 80CF7257-87AB-47F9-A3FE-D50B76D89541
InstallProtocolInterface: 5B1B31A1-9562-11D2-8E3F-00A0C969723B 1F6C2440
Loading driver at 0x0001FB89000 EntryPoint=0x0001FB8B1EC PcdDxe.efi
InstallProtocolInterface: BC62157E-3E33-4FEC-9920-2D3B36D750DF 1F6C2A18
ProtectUefiImageCommon - 0x1F6C2440
  - 0x000000001FB89000 - 0x0000000000006000
InstallProtocolInterface: 11B34006-D85B-4D0A-A290-D5A571310EF7 1FB8EC40
InstallProtocolInterface: 13A3F0F6-264A-3EF0-F2E0-DEC512342F34 1FB8EBA0
InstallProtocolInterface: 5BE40F57-FA68-4610-BBBF-E9C5FCDAD365 1FB8EB70
InstallProtocolInterface: FD0F4478-0EFD-461D-BA2D-E58C45FD5F5E 1FB8EB50
Loading driver 2EC9DA37-EE35-4DE9-86C5-6D9A81DC38A7
InstallProtocolInterface: 5B1B31A1-9562-11D2-8E3F-00A0C969723B 1F6CE240
Loading driver at 0x0001FB85000 EntryPoint=0x0001FB85BE7 AmdSevDxe.efi
InstallProtocolInterface: BC62157E-3E33-4FEC-9920-2D3B36D750DF 1F6CE598
ProtectUefiImageCommon - 0x1F6CE240
  - 0x000000001FB85000 - 0x0000000000003080
Error: Image at 0001FB85000 start failed: Unsupported
Loading driver 733CBAC2-B23F-4B92-BC8E-FB01CE5907B7
InstallProtocolInterface: 5B1B31A1-9562-11D2-8E3F-00A0C969723B 1F6CE240
Loading driver at 0x0001FBC3000 EntryPoint=0x0001FBC4000 FvbServicesRuntimeDxe.efi
InstallProtocolInterface: BC62157E-3E33-4FEC-9920-2D3B36D750DF 1F6C4F98
ProtectUefiImageCommon - 0x1F6CE240
  - 0x000000001FBC3000 - 0x0000000000008000
QEMU Flash: Attempting flash detection at FFC00010
QemuFlashDetected => FD behaves as ROM
QemuFlashDetected => No
QEMU flash was not detected. Writable FVB is not being installed.
Error: Image at 0001FBC3000 start failed: Write Protected
Loading driver D93CE3D8-A7EB-4730-8C8E-CC466A9ECC3C
InstallProtocolInterface: 5B1B31A1-9562-11D2-8E3F-00A0C969723B 1F6CE240
Loading driver at 0x0001FBC5000 EntryPoint=0x0001FBC6BC5 ReportStatusCodeRouterRuntimeDxe.efi
InstallProtocolInterface: BC62157E-3E33-4FEC-9920-2D3B36D750DF 1F6C4B18
ProtectUefiImageCommon - 0x1F6CE240
  - 0x000000001FBC5000 - 0x0000000000006000
InstallProtocolInterface: 86212936-0E76-41C8-A03A-2AF2FC1C39E2 1FBC9030
InstallProtocolInterface: D2B2B828-0826-48A7-B3DF-983C006024F0 1FBC9010
Loading driver B601F8C4-43B7-4784-95B1-F4226CB40CEE
InstallProtocolInterface: 5B1B31A1-9562-11D2-8E3F-00A0C969723B 1F6C4140
Loading driver at 0x0001FBBF000 EntryPoint=0x0001FBC0249 RuntimeDxe.efi
InstallProtocolInterface: BC62157E-3E33-4FEC-9920-2D3B36D750DF 1F6C4698
ProtectUefiImageCommon - 0x1F6C4140
  - 0x000000001FBBF000 - 0x0000000000006000
InstallProtocolInterface: B7DFB4E1-052F-449F-87BE-9818FC91B733 1FBC3020
Loading driver F80697E9-7FD6-4665-8646-88E33EF71DFC
InstallProtocolInterface: 5B1B31A1-9562-11D2-8E3F-00A0C969723B 1F6CBCC0
Loading driver at 0x0001FB86000 EntryPoint=0x0001FB86B3B SecurityStubDxe.efi
InstallProtocolInterface: BC62157E-3E33-4FEC-9920-2D3B36D750DF 1F6CBA98
ProtectUefiImageCommon - 0x1F6CBCC0
  - 0x000000001FB86000 - 0x0000000000002EC0
InstallProtocolInterface: 94AB2F58-1438-4EF1-9152-18941A3A0E68 1FB88B88
InstallProtocolInterface: A46423E3-4617-49F1-B9FF-D1BFA9115839 1FB88B80
InstallProtocolInterface: 15853D7C-3DDF-43E0-A1CB-EBF85B8F872C 1FB88B60
Loading driver 13AC6DD0-73D0-11D4-B06B-00AA00BD6DE7
InstallProtocolInterface: 5B1B31A1-9562-11D2-8E3F-00A0C969723B 1F6CA040
Loading driver at 0x0001FB7F000 EntryPoint=0x0001FB83510 EbcDxe.efi
InstallProtocolInterface: BC62157E-3E33-4FEC-9920-2D3B36D750DF 1F6CB998
ProtectUefiImageCommon - 0x1F6CA040
  - 0x000000001FB7F000 - 0x0000000000006080
InstallProtocolInterface: 13AC6DD1-73D0-11D4-B06B-00AA00BD6DE7 1F6CA298
InstallProtocolInterface: 96F46153-97A7-4793-ACC1-FA19BF78EA97 1FB84DA0
InstallProtocolInterface: 2755590C-6F3C-42FA-9EA4-A3BA543CDA25 1F6CAA98
InstallProtocolInterface: AAEACCFD-F27B-4C17-B610-75CA1F2DFB52 1F6CA898
Loading driver 245CB4DA-8E15-4A1B-87E3-9878FFA07520
InstallProtocolInterface: 5B1B31A1-9562-11D2-8E3F-00A0C969723B 1F6CA440
Loading driver at 0x0001FB7D000 EntryPoint=0x0001FB7E331 Legacy8259.efi
InstallProtocolInterface: BC62157E-3E33-4FEC-9920-2D3B36D750DF 1F6C7F18
ProtectUefiImageCommon - 0x1F6CA440
  - 0x000000001FB7D000 - 0x0000000000001EC0
InstallProtocolInterface: 38321DBA-4FE0-4E17-8AEC-413055EAEDC1 1FB7EBC0
Loading driver A19B1FE7-C1BC-49F8-875F-54A5D542443F
InstallProtocolInterface: 5B1B31A1-9562-11D2-8E3F-00A0C969723B 1F6C70C0
Loading driver at 0x0001FB7A000 EntryPoint=0x0001FB7B5E2 CpuIo2Dxe.efi
InstallProtocolInterface: BC62157E-3E33-4FEC-9920-2D3B36D750DF 1F6C7A18
ProtectUefiImageCommon - 0x1F6C70C0
  - 0x000000001FB7A000 - 0x0000000000002280
InstallProtocolInterface: AD61F191-AE5F-4C0E-B9FA-E869D288C64F 1FB7BFC0
Loading driver 1A1E4886-9517-440E-9FDE-3BE44CEE2136
InstallProtocolInterface: 5B1B31A1-9562-11D2-8E3F-00A0C969723B 1F6C7440
Loading driver at 0x0001FB6A000 EntryPoint=0x0001FB6ED95 CpuDxe.efi
InstallProtocolInterface: BC62157E-3E33-4FEC-9920-2D3B36D750DF 1F6C9F18
ProtectUefiImageCommon - 0x1F6C7440
  - 0x000000001FB6A000 - 0x000000000000FE00
Paging: added 512 pages to page table pool
CurrentPagingContext:
  MachineType   - 0x8664
  PageTableBase - 0x1FC01000
  Attributes    - 0xC0000002
InstallProtocolInterface: 26BACCB1-6F42-11D4-BCE7-0080C73C8881 1FB78C20
MemoryProtectionCpuArchProtocolNotify:
ProtectUefiImageCommon - 0x1FEC3BA8
  - 0x000000001FEA0000 - 0x0000000000029000
ProtectUefiImageCommon - 0x1F6C2040
  - 0x000000001FB8F000 - 0x000000000000B580
ProtectUefiImageCommon - 0x1F6C2440
  - 0x000000001FB89000 - 0x0000000000006000
ProtectUefiImageCommon - 0x1F6CE240
  - 0x000000001FBC5000 - 0x0000000000006000
SetUefiImageMemoryAttributes - 0x000000001FBC5000 - 0x0000000000001000 (0x0000000000004000)
SetUefiImageMemoryAttributes - 0x000000001FBC6000 - 0x0000000000003000 (0x0000000000020000)
SetUefiImageMemoryAttributes - 0x000000001FBC9000 - 0x0000000000002000 (0x0000000000004000)
ProtectUefiImageCommon - 0x1F6C4140
  - 0x000000001FBBF000 - 0x0000000000006000
SetUefiImageMemoryAttributes - 0x000000001FBBF000 - 0x0000000000001000 (0x0000000000004000)
SetUefiImageMemoryAttributes - 0x000000001FBC0000 - 0x0000000000003000 (0x0000000000020000)
SetUefiImageMemoryAttributes - 0x000000001FBC3000 - 0x0000000000002000 (0x0000000000004000)
ProtectUefiImageCommon - 0x1F6CBCC0
  - 0x000000001FB86000 - 0x0000000000002EC0
ProtectUefiImageCommon - 0x1F6CA040
  - 0x000000001FB7F000 - 0x0000000000006080
ProtectUefiImageCommon - 0x1F6CA440
  - 0x000000001FB7D000 - 0x0000000000001EC0
ProtectUefiImageCommon - 0x1F6C70C0
  - 0x000000001FB7A000 - 0x0000000000002280
ProtectUefiImageCommon - 0x1F6C7440
  - 0x000000001FB6A000 - 0x000000000000FE00
ConvertPages: failed to find range A0000 - FFFFF
ConvertPages: failed to find range 80000000 - FBFFFFFF
ConvertPages: failed to find range FEC00000 - FEC00FFF
Failed to update capability: [8] 00000000FED00000 - 00000000FED003FF (C700000000000001 -> C700000000026001)
ConvertPages: failed to find range FEE00000 - FEEFFFFF
AP Loop Mode is 1
Detect CPU count: 1
InstallProtocolInterface: 3FDDA605-A76E-4F46-AD29-12F4531B3D08 1FB78BC0
Loading driver F6697AC4-A776-4EE1-B643-1FEFF2B615BB
InstallProtocolInterface: 5B1B31A1-9562-11D2-8E3F-00A0C969723B 1F6C81C0
Loading driver at 0x0001FB60000 EntryPoint=0x0001FB612AB IncompatiblePciDeviceSupportDxe.efi
InstallProtocolInterface: BC62157E-3E33-4FEC-9920-2D3B36D750DF 1F6C8518
ProtectUefiImageCommon - 0x1F6C81C0
  - 0x000000001FB60000 - 0x0000000000002200
InstallProtocolInterface: EB23F55A-7863-4AC2-8D3D-956535DE0375 1FB62090
Loading driver 11A6EDF6-A9BE-426D-A6CC-B22FE51D9224
InstallProtocolInterface: 5B1B31A1-9562-11D2-8E3F-00A0C969723B 1F6C3140
Loading driver at 0x0001FB5A000 EntryPoint=0x0001FB5BC19 PciHotPlugInitDxe.efi
InstallProtocolInterface: BC62157E-3E33-4FEC-9920-2D3B36D750DF 1F6C3418
ProtectUefiImageCommon - 0x1F6C3140
  - 0x000000001FB5A000 - 0x0000000000005540
InstallProtocolInterface: AA0E8BC1-DABC-46B0-A844-37B8169B2BEA 1FB5F3D0
Loading driver 4B28E4C7-FF36-4E10-93CF-A82159E777C5
InstallProtocolInterface: 5B1B31A1-9562-11D2-8E3F-00A0C969723B 1F2B7CC0
Loading driver at 0x0001FBB8000 EntryPoint=0x0001FBB9F4E ResetSystemRuntimeDxe.efi
InstallProtocolInterface: BC62157E-3E33-4FEC-9920-2D3B36D750DF 1F2B7B98
ProtectUefiImageCommon - 0x1F2B7CC0
  - 0x000000001FBB8000 - 0x0000000000007000
SetUefiImageMemoryAttributes - 0x000000001FBB8000 - 0x0000000000001000 (0x0000000000004008)
SetUefiImageMemoryAttributes - 0x000000001FBB9000 - 0x0000000000004000 (0x0000000000020008)
SetUefiImageMemoryAttributes - 0x000000001FBBD000 - 0x0000000000002000 (0x0000000000004008)
InstallProtocolInterface: 27CFAC88-46CC-11D4-9A38-0090273FC14D 0
InstallProtocolInterface: 9DA34AE0-EAF9-4BBF-8EC3-FD60226C44BE 1FBBD0E8
InstallProtocolInterface: 695D7835-8D47-4C11-AB22-FA8ACCE7AE7A 1FBBD0A8
InstallProtocolInterface: 2DF6BA0B-7092-440D-BD04-FB091EC3F3C1 1FBBD068
Loading driver C8339973-A563-4561-B858-D8476F9DEFC4
InstallProtocolInterface: 5B1B31A1-9562-11D2-8E3F-00A0C969723B 1F2B6B40
Loading driver at 0x0001FB57000 EntryPoint=0x0001FB5816A Metronome.efi
InstallProtocolInterface: BC62157E-3E33-4FEC-9920-2D3B36D750DF 1F2B7218
ProtectUefiImageCommon - 0x1F2B6B40
  - 0x000000001FB57000 - 0x00000000000020C0
InstallProtocolInterface: 26BACCB2-6F42-11D4-BCE7-0080C73C8881 1FB58DD0
Loading driver 79E4A61C-ED73-4312-94FE-E3E7563362A9
InstallProtocolInterface: 5B1B31A1-9562-11D2-8E3F-00A0C969723B 1F2B6140
Loading driver at 0x0001FB54000 EntryPoint=0x0001FB55D93 PrintDxe.efi
InstallProtocolInterface: BC62157E-3E33-4FEC-9920-2D3B36D750DF 1F2B6398
ProtectUefiImageCommon - 0x1F2B6140
  - 0x000000001FB54000 - 0x0000000000002DC0
InstallProtocolInterface: F05976EF-83F1-4F3D-8619-F7595D41E538 1FB56C20
InstallProtocolInterface: 0CC252D2-C106-4661-B5BD-3147A4F81F92 1FB56BC0
Loading driver 348C4D62-BFBD-4882-9ECE-C80BB1C4783B
InstallProtocolInterface: 5B1B31A1-9562-11D2-8E3F-00A0C969723B 1F2B5BC0
Loading driver at 0x0001FB35000 EntryPoint=0x0001FB48B38 HiiDatabase.efi
InstallProtocolInterface: BC62157E-3E33-4FEC-9920-2D3B36D750DF 1F2B5098
ProtectUefiImageCommon - 0x1F2B5BC0
  - 0x000000001FB35000 - 0x000000000001E9C0
InstallProtocolInterface: E9CA4775-8657-47FC-97E7-7ED65A084324 1FB53368
InstallProtocolInterface: 0FD96974-23AA-4CDC-B9CB-98D17750322A 1FB533E0
InstallProtocolInterface: EF9FC172-A1B2-4693-B327-6D32FC416042 1FB53408
InstallProtocolInterface: 587E72D7-CC50-4F79-8209-CA291FC1A10F 1FB53460
InstallProtocolInterface: 0A8BADD5-03B8-4D19-B128-7B8F0EDAA596 1FB53490
InstallProtocolInterface: 31A6406A-6BDF-4E46-B2A2-EBAA89C40920 1FB53388
InstallProtocolInterface: 1A1241E6-8F19-41A9-BC0E-E8EF39E06546 1FB533B0
Loading driver 96B5C032-DF4C-4B6E-8232-438DCF448D0E
InstallProtocolInterface: 5B1B31A1-9562-11D2-8E3F-00A0C969723B 1F2B4B40
Loading driver at 0x0001FB32000 EntryPoint=0x0001FB332B5 NullMemoryTestDxe.efi
InstallProtocolInterface: BC62157E-3E33-4FEC-9920-2D3B36D750DF 1F2B4E98
ProtectUefiImageCommon - 0x1F2B4B40
  - 0x000000001FB32000 - 0x0000000000002300
InstallProtocolInterface: 309DE7F1-7F5E-4ACE-B49C-531BE5AA95EF 1FB33FC0
Loading driver 9622E42C-8E38-4A08-9E8F-54F784652F6B
InstallProtocolInterface: 5B1B31A1-9562-11D2-8E3F-00A0C969723B 1F2B41C0
Loading driver at 0x0001FB2A000 EntryPoint=0x0001FB2DA67 AcpiTableDxe.efi
InstallProtocolInterface: BC62157E-3E33-4FEC-9920-2D3B36D750DF 1F2B4498
ProtectUefiImageCommon - 0x1F2B41C0
  - 0x000000001FB2A000 - 0x0000000000007380
InstallProtocolInterface: FFE06BDD-6107-46A6-7BB2-5A9C7EC5275C 1F2B3CA0
InstallProtocolInterface: EB97088E-CFDF-49C6-BE4B-D906A5B20E86 1F2B3CB0
Loading driver A210F973-229D-4F4D-AA37-9895E6C9EABA
InstallProtocolInterface: 5B1B31A1-9562-11D2-8E3F-00A0C969723B 1F2B31C0
Loading driver at 0x0001FB27000 EntryPoint=0x0001FB283D3 DpcDxe.efi
InstallProtocolInterface: BC62157E-3E33-4FEC-9920-2D3B36D750DF 1F2B3B18
ProtectUefiImageCommon - 0x1F2B31C0
  - 0x000000001FB27000 - 0x0000000000002280
InstallProtocolInterface: 480F8AE9-0C46-4AA9-BC89-DB9FBA619806 1FB28DD0
Loading driver 8657015B-EA43-440D-949A-AF3BE365C0FC
InstallProtocolInterface: 5B1B31A1-9562-11D2-8E3F-00A0C969723B 1F2B3540
Loading driver at 0x0001FB23000 EntryPoint=0x0001FB2335D IoMmuDxe.efi
InstallProtocolInterface: BC62157E-3E33-4FEC-9920-2D3B36D750DF 1F2AEF98
ProtectUefiImageCommon - 0x1F2B3540
  - 0x000000001FB23000 - 0x0000000000003FC0
InstallProtocolInterface: F8775D50-8ABD-4ADF-92AC-853E51F6C8DC 0
Loading driver 22DC2B60-FE40-42AC-B01F-3AB1FAD9AAD8
InstallProtocolInterface: 5B1B31A1-9562-11D2-8E3F-00A0C969723B 1F2AE7C0
Loading driver at 0x0001FBB2000 EntryPoint=0x0001FBB3000 EmuVariableFvbRuntimeDxe.efi
InstallProtocolInterface: BC62157E-3E33-4FEC-9920-2D3B36D750DF 1F2AE598
ProtectUefiImageCommon - 0x1F2AE7C0
  - 0x000000001FBB2000 - 0x0000000000006000
SetUefiImageMemoryAttributes - 0x000000001FBB2000 - 0x0000000000001000 (0x0000000000004008)
SetUefiImageMemoryAttributes - 0x000000001FBB3000 - 0x0000000000003000 (0x0000000000020008)
SetUefiImageMemoryAttributes - 0x000000001FBB6000 - 0x0000000000002000 (0x0000000000004008)
EMU Variable FVB Started
EMU Variable FVB: Using pre-reserved block at 1FEF4000
EMU Variable FVB: Basic FV headers were invalid
Installing FVB for EMU Variable support
InstallProtocolInterface: 8F644FA9-E850-4DB1-9CE2-0B44698E8DA4 1FBB60E0
InstallProtocolInterface: 09576E91-6D3F-11D2-8E39-00A0C969723B 1FBB60A8
Loading driver CBD2E4D5-7068-4FF5-B462-9822B4AD8D60
InstallProtocolInterface: 5B1B31A1-9562-11D2-8E3F-00A0C969723B 1F2B2B40
Loading driver at 0x0001FBA3000 EntryPoint=0x0001FBA4000 VariableRuntimeDxe.efi
InstallProtocolInterface: BC62157E-3E33-4FEC-9920-2D3B36D750DF 1F2B2A98
ProtectUefiImageCommon - 0x1F2B2B40
  - 0x000000001FBA3000 - 0x000000000000F000
SetUefiImageMemoryAttributes - 0x000000001FBA3000 - 0x0000000000001000 (0x0000000000004008)
SetUefiImageMemoryAttributes - 0x000000001FBA4000 - 0x000000000000C000 (0x0000000000020008)
SetUefiImageMemoryAttributes - 0x000000001FBB0000 - 0x0000000000002000 (0x0000000000004008)
VarCheckLibRegisterSetVariableCheckHandler - 0x1FBAC8CF Success
Variable driver common space: 0x3FF9C 0x3FF9C 0x3FF9C
Variable driver will work with auth variable format!
InstallProtocolInterface: CD3D0A05-9E24-437C-A891-1EE053DB7638 1FBB00B0
InstallProtocolInterface: AF23B340-97B4-4685-8D4F-A3F28169B21D 1FBB0080
InstallProtocolInterface: 1E5668E2-8481-11D4-BCF1-0080C73C8881 0
Loading driver 6C2004EF-4E0E-4BE4-B14C-340EB4AA5891
InstallProtocolInterface: 5B1B31A1-9562-11D2-8E3F-00A0C969723B 1F2B1CC0
Loading driver at 0x0001FB9D000 EntryPoint=0x0001FB9E1D3 StatusCodeHandlerRuntimeDxe.efi
InstallProtocolInterface: BC62157E-3E33-4FEC-9920-2D3B36D750DF 1F2B1B18
ProtectUefiImageCommon - 0x1F2B1CC0
  - 0x000000001FB9D000 - 0x0000000000006000
SetUefiImageMemoryAttributes - 0x000000001FB9D000 - 0x0000000000001000 (0x0000000000004008)
SetUefiImageMemoryAttributes - 0x000000001FB9E000 - 0x0000000000003000 (0x0000000000020008)
SetUefiImageMemoryAttributes - 0x000000001FBA1000 - 0x0000000000002000 (0x0000000000004008)
Loading driver C190FE35-44AA-41A1-8AEA-4947BC60E09D
InstallProtocolInterface: 5B1B31A1-9562-11D2-8E3F-00A0C969723B 1F2AD040
Loading driver at 0x0001FB21000 EntryPoint=0x0001FB221C1 Timer.efi
InstallProtocolInterface: BC62157E-3E33-4FEC-9920-2D3B36D750DF 1F2B1298
ProtectUefiImageCommon - 0x1F2AD040
  - 0x000000001FB21000 - 0x0000000000001FC0
InstallProtocolInterface: 26BACCB3-6F42-11D4-BCE7-0080C73C8881 1FB22CC0
Loading driver 128FB770-5E79-4176-9E51-9BB268A17DD1
InstallProtocolInterface: 5B1B31A1-9562-11D2-8E3F-00A0C969723B 1F2AD2C0
Loading driver at 0x0001FB16000 EntryPoint=0x0001FB186E7 PciHostBridgeDxe.efi
InstallProtocolInterface: BC62157E-3E33-4FEC-9920-2D3B36D750DF 1F2ADC98
ProtectUefiImageCommon - 0x1F2AD2C0
  - 0x000000001FB16000 - 0x000000000000A200
Select Item: 0x0
FW CFG Signature: 0x554D4551
Select Item: 0x1
FW CFG Revision: 0x3
QemuFwCfg interface (DMA) is supported.
Select Item: 0x19
InitRootBridge: populated root bus 0, with room for 255 subordinate bus(es)
RootBridge: PciRoot(0x0)
  Support/Attr: 70069 / 70069
    DmaAbove4G: No
NoExtConfSpace: Yes
     AllocAttr: 3 (CombineMemPMem Mem64Decode)
           Bus: 0 - FF Translation=0
            Io: C000 - FFFF Translation=0
           Mem: 80000000 - FBFFFFFF Translation=0
    MemAbove4G: 800000000 - FFFFFFFFF Translation=0
          PMem: FFFFFFFFFFFFFFFF - 0 Translation=0
   PMemAbove4G: FFFFFFFFFFFFFFFF - 0 Translation=0
InstallProtocolInterface: CF8034BE-6768-4D8B-B739-7CCE683A9FBE 1F2AD7C0
InstallProtocolInterface: 09576E91-6D3F-11D2-8E39-00A0C969723B 1F2AD898
InstallProtocolInterface: 2F707EBB-4A1A-11D4-9A38-0090273FC14D 1F2B01F0
Loading driver EBF342FE-B1D3-4EF8-957C-8048606FF671
InstallProtocolInterface: 5B1B31A1-9562-11D2-8E3F-00A0C969723B 1F2B0540
Loading driver at 0x0001FAFC000 EntryPoint=0x0001FB09F21 SetupBrowser.efi
InstallProtocolInterface: BC62157E-3E33-4FEC-9920-2D3B36D750DF 1F2B0898
ProtectUefiImageCommon - 0x1F2B0540
  - 0x000000001FAFC000 - 0x0000000000019E00
InstallProtocolInterface: B9D4C360-BCFB-4F9B-9298-53C136982258 1FB15790
InstallProtocolInterface: A770C357-B693-4E6D-A6CF-D21C728E550B 1FB157C0
InstallProtocolInterface: 1F73B18D-4630-43C1-A1DE-6F80855D7DA4 1FB157A0
Loading driver F9D88642-0737-49BC-81B5-6889CD57D9EA
InstallProtocolInterface: 5B1B31A1-9562-11D2-8E3F-00A0C969723B 1F2AF2C0
Loading driver at 0x0001FAF6000 EntryPoint=0x0001FAF7727 SmbiosDxe.efi
InstallProtocolInterface: BC62157E-3E33-4FEC-9920-2D3B36D750DF 1F2AF518
ProtectUefiImageCommon - 0x1F2AF2C0
  - 0x000000001FAF6000 - 0x0000000000005800
Select Item: 0x0
FW CFG Signature: 0x554D4551
Select Item: 0x1
FW CFG Revision: 0x3
QemuFwCfg interface (DMA) is supported.
Select Item: 0x19
Select Item: 0x19
Select Item: 0x22
DetectSmbiosVersion: SMBIOS version from QEMU: 0x0208
InstallProtocolInterface: 03583FF6-CB36-4940-947E-B9B39F4AFAF7 1FAFB670
Loading driver 49970331-E3FA-4637-9ABC-3B7868676970
InstallProtocolInterface: 5B1B31A1-9562-11D2-8E3F-00A0C969723B 1F2ACB40
Loading driver at 0x0001FAED000 EntryPoint=0x0001FAF15DB AcpiPlatform.efi
InstallProtocolInterface: BC62157E-3E33-4FEC-9920-2D3B36D750DF 1F2ACE18
ProtectUefiImageCommon - 0x1F2ACB40
  - 0x000000001FAED000 - 0x0000000000008100
Select Item: 0x0
FW CFG Signature: 0x554D4551
Select Item: 0x1
FW CFG Revision: 0x3
QemuFwCfg interface (DMA) is supported.
AcpiPlatformEntryPoint: waiting for root bridges to be connected, registered callback
Loading driver BDCE85BB-FBAA-4F4E-9264-501A2C249581
InstallProtocolInterface: 5B1B31A1-9562-11D2-8E3F-00A0C969723B 1F2AC140
Loading driver at 0x0001FAE5000 EntryPoint=0x0001FAE5240 S3SaveStateDxe.efi
InstallProtocolInterface: BC62157E-3E33-4FEC-9920-2D3B36D750DF 1F2AC698
ProtectUefiImageCommon - 0x1F2AC140
  - 0x000000001FAE5000 - 0x0000000000007040
Select Item: 0x0
FW CFG Signature: 0x554D4551
Select Item: 0x1
FW CFG Revision: 0x3
QemuFwCfg interface (DMA) is supported.
Select Item: 0x19
Select Item: 0x25
InstallProtocolInterface: BD445D79-B7AD-4F04-9AD8-29BD2040EB3C 0
InstallProtocolInterface: E857CAF6-C046-45DC-BE3F-EE0765FBA887 1FAEBB40
Loading driver A487A478-51EF-48AA-8794-7BEE2A0562F1
InstallProtocolInterface: 5B1B31A1-9562-11D2-8E3F-00A0C969723B 1F2AB0C0
Loading driver at 0x0001FADA000 EntryPoint=0x0001FADB9E5 tftpDynamicCommand.efi
InstallProtocolInterface: BC62157E-3E33-4FEC-9920-2D3B36D750DF 1F2ABA18
InstallProtocolInterface: 6A1EE763-D47A-43B4-AABE-EF1DE2AB56FC 1FAE32F0
ProtectUefiImageCommon - 0x1F2AB0C0
  - 0x000000001FADA000 - 0x000000000000AE80
InstallProtocolInterface: 3C7200E9-005F-4EA4-87DE-A3DFAC8A27C3 1FAE2DB0
Loading driver F74D20EE-37E7-48FC-97F7-9B1047749C69
InstallProtocolInterface: 5B1B31A1-9562-11D2-8E3F-00A0C969723B 1F2AAB40
Loading driver at 0x0001FAD5000 EntryPoint=0x0001FAD6065 LogoDxe.efi
InstallProtocolInterface: BC62157E-3E33-4FEC-9920-2D3B36D750DF 1F2AAE98
InstallProtocolInterface: 6A1EE763-D47A-43B4-AABE-EF1DE2AB56FC 1FAD6CF0
ProtectUefiImageCommon - 0x1F2AAB40
  - 0x000000001FAD5000 - 0x0000000000004C80
InstallProtocolInterface: 53CD299F-2BC1-40C0-8C07-23F64FDB30E0 1FAD6A00
Loading driver DCE1B094-7DC6-45D0-9FDD-D7FC3CC3E4EF
InstallProtocolInterface: 5B1B31A1-9562-11D2-8E3F-00A0C969723B 1F2A4B40
Loading driver at 0x0001FAD0000 EntryPoint=0x0001FAD131C QemuRamfbDxe.efi
InstallProtocolInterface: BC62157E-3E33-4FEC-9920-2D3B36D750DF 1F2A4E98
ProtectUefiImageCommon - 0x1F2A4B40
  - 0x000000001FAD0000 - 0x0000000000004A00
Select Item: 0x0
FW CFG Signature: 0x554D4551
Select Item: 0x1
FW CFG Revision: 0x3
QemuFwCfg interface (DMA) is supported.
Select Item: 0x19
Error: Image at 0001FAD0000 start failed: Not Found
Loading driver FE5CEA76-4F72-49E8-986F-2CD899DFFE5D
InstallProtocolInterface: 5B1B31A1-9562-11D2-8E3F-00A0C969723B 1F2A4B40
Loading driver at 0x0001FACF000 EntryPoint=0x0001FAD2C99 FaultTolerantWriteDxe.efi
InstallProtocolInterface: BC62157E-3E33-4FEC-9920-2D3B36D750DF 1F2A4098
ProtectUefiImageCommon - 0x1F2A4B40
  - 0x000000001FACF000 - 0x0000000000005A00
Ftw: FtwWorkSpaceLba - 0x40, WorkBlockSize  - 0x1000, FtwWorkSpaceBase - 0x0
Ftw: FtwSpareLba     - 0x42, SpareBlockSize - 0x1000
Ftw: NumberOfWorkBlock - 0x1, FtwWorkBlockLba - 0x40
Ftw: WorkSpaceLbaInSpare - 0x0, WorkSpaceBaseInSpare - 0x0
Ftw: Remaining work space size - FE0
Ftw: Work block header check mismatch
Ftw: Work block header check mismatch
Ftw: Both working and spare blocks are invalid, init workspace
Ftw: start to reclaim work space
Ftw: reclaim work space successfully
InstallProtocolInterface: 3EBD9E82-2C78-4DE6-9786-8D4BFCB7C881 1F2A2028
NOTICE - AuthVariableLibInitialize() returns Unsupported!
Variable driver will continue to work without auth variable support!
[Variable] Lock: BB983CCF-151D-40E1-A07B-4A17BE168292:MemoryOverwriteRequestControlLock Success
[Variable] Lock: E20939BE-32D4-41BE-A150-897F85D49829:MemoryOverwriteRequestControl Success
RecordSecureBootPolicyVarData GetVariable SecureBoot Status E
InstallProtocolInterface: 6441F818-6362-4E44-B570-7DBA31DD2453 0
Loading driver 378D7B65-8DA9-4773-B6E4-A47826A833E1
InstallProtocolInterface: 5B1B31A1-9562-11D2-8E3F-00A0C969723B 1F2A43C0
Loading driver at 0x0001EA85000 EntryPoint=0x0001EA86DF7 PcRtc.efi
InstallProtocolInterface: BC62157E-3E33-4FEC-9920-2D3B36D750DF 1F2A4818
ProtectUefiImageCommon - 0x1F2A43C0
  - 0x000000001EA85000 - 0x0000000000007000
SetUefiImageMemoryAttributes - 0x000000001EA85000 - 0x0000000000001000 (0x0000000000004008)
SetUefiImageMemoryAttributes - 0x000000001EA86000 - 0x0000000000004000 (0x0000000000020008)
SetUefiImageMemoryAttributes - 0x000000001EA8A000 - 0x0000000000002000 (0x0000000000004008)
InstallProtocolInterface: 27CFAC87-46CC-11D4-9A38-0090273FC14D 0
Loading driver F099D67F-71AE-4C36-B2A3-DCEB0EB2B7D8
InstallProtocolInterface: 5B1B31A1-9562-11D2-8E3F-00A0C969723B 1F2991C0
Loading driver at 0x0001FACC000 EntryPoint=0x0001FACD130 WatchdogTimer.efi
InstallProtocolInterface: BC62157E-3E33-4FEC-9920-2D3B36D750DF 1F299A18
ProtectUefiImageCommon - 0x1F2991C0
  - 0x000000001FACC000 - 0x0000000000002080
InstallProtocolInterface: 665E3FF5-46CC-11D4-9A38-0090273FC14D 1FACDD60
Loading driver AD608272-D07F-4964-801E-7BD3B7888652
InstallProtocolInterface: 5B1B31A1-9562-11D2-8E3F-00A0C969723B 1F2A1B40
Loading driver at 0x0001EA7B000 EntryPoint=0x0001EA7C1E0 MonotonicCounterRuntimeDxe.efi
InstallProtocolInterface: BC62157E-3E33-4FEC-9920-2D3B36D750DF 1F2A1098
ProtectUefiImageCommon - 0x1F2A1B40
  - 0x000000001EA7B000 - 0x0000000000005000
SetUefiImageMemoryAttributes - 0x000000001EA7B000 - 0x0000000000001000 (0x0000000000004008)
SetUefiImageMemoryAttributes - 0x000000001EA7C000 - 0x0000000000002000 (0x0000000000020008)
SetUefiImageMemoryAttributes - 0x000000001EA7E000 - 0x0000000000002000 (0x0000000000004008)
InstallProtocolInterface: 1DA97072-BDDC-4B30-99F1-72A0B56FFF2A 0
Loading driver 42857F0A-13F2-4B21-8A23-53D3F714B840
InstallProtocolInterface: 5B1B31A1-9562-11D2-8E3F-00A0C969723B 1F2A12C0
Loading driver at 0x0001EA70000 EntryPoint=0x0001EA7195F CapsuleRuntimeDxe.efi
InstallProtocolInterface: BC62157E-3E33-4FEC-9920-2D3B36D750DF 1F298F98
ProtectUefiImageCommon - 0x1F2A12C0
  - 0x000000001EA70000 - 0x0000000000006000
SetUefiImageMemoryAttributes - 0x000000001EA70000 - 0x0000000000001000 (0x0000000000004008)
SetUefiImageMemoryAttributes - 0x000000001EA71000 - 0x0000000000003000 (0x0000000000020008)
SetUefiImageMemoryAttributes - 0x000000001EA74000 - 0x0000000000002000 (0x0000000000004008)
InstallProtocolInterface: 5053697E-2CBC-4819-90D9-0580DEEE5754 0
Loading driver EBF8ED7C-0DD1-4787-84F1-F48D537DCACF
InstallProtocolInterface: 5B1B31A1-9562-11D2-8E3F-00A0C969723B 1F298840
Loading driver at 0x0001FAC5000 EntryPoint=0x0001FAC6D4C DriverHealthManagerDxe.efi
InstallProtocolInterface: BC62157E-3E33-4FEC-9920-2D3B36D750DF 1F298698
ProtectUefiImageCommon - 0x1F298840
  - 0x000000001FAC5000 - 0x0000000000006500
InstallProtocolInterface: 09576E91-6D3F-11D2-8E39-00A0C969723B 1FACB0E0
InstallProtocolInterface: 330D4706-F2A0-4E4F-A369-B66FA8D54385 1FACB0B0
Loading driver 6D33944A-EC75-4855-A54D-809C75241F6C
InstallProtocolInterface: 5B1B31A1-9562-11D2-8E3F-00A0C969723B 1F29F0C0
Loading driver at 0x0001FAA8000 EntryPoint=0x0001FAAF73F BdsDxe.efi
InstallProtocolInterface: BC62157E-3E33-4FEC-9920-2D3B36D750DF 1F29FA98
ProtectUefiImageCommon - 0x1F29F0C0
  - 0x000000001FAA8000 - 0x000000000001C0C0
Select Item: 0x0
FW CFG Signature: 0x554D4551
Select Item: 0x1
FW CFG Revision: 0x3
QemuFwCfg interface (DMA) is supported.
InstallProtocolInterface: 665E3FF6-46CC-11D4-9A38-0090273FC14D 1FAC37E8
Loading driver 28A03FF4-12B3-4305-A417-BB1A4F94081E
InstallProtocolInterface: 5B1B31A1-9562-11D2-8E3F-00A0C969723B 1F2A0340
Loading driver at 0x0001FA9C000 EntryPoint=0x0001FA9DF5C RamDiskDxe.efi
InstallProtocolInterface: BC62157E-3E33-4FEC-9920-2D3B36D750DF 1F29F798
ProtectUefiImageCommon - 0x1F2A0340
  - 0x000000001FA9C000 - 0x000000000000B100
InstallProtocolInterface: 09576E91-6D3F-11D2-8E39-00A0C969723B 1F29F598
InstallProtocolInterface: 330D4706-F2A0-4E4F-A369-B66FA8D54385 1FAA6C78
InstallProtocolInterface: 09576E91-6D3F-11D2-8E39-00A0C969723B 1FAA6010
InstallProtocolInterface: 330D4706-F2A0-4E4F-A369-B66FA8D54385 1F29D430
InstallProtocolInterface: AB38A0DF-6873-44A9-87E6-D4EB56148449 1FAA6030
InstallProtocolInterface: 28A03FF4-12B3-4305-A417-BB1A4F94081E 1F29D418
Loading driver E660EA85-058E-4B55-A54B-F02F83A24707
InstallProtocolInterface: 5B1B31A1-9562-11D2-8E3F-00A0C969723B 1F29C740
Loading driver at 0x0001FA88000 EntryPoint=0x0001FA8F79A DisplayEngine.efi
InstallProtocolInterface: BC62157E-3E33-4FEC-9920-2D3B36D750DF 1F29CA98
ProtectUefiImageCommon - 0x1F29C740
  - 0x000000001FA88000 - 0x0000000000013800
InstallProtocolInterface: 9BBE29E9-FDA1-41EC-AD52-452213742D2E 1FA99390
InstallProtocolInterface: 4311EDC0-6054-46D4-9E40-893EA952FCCC 1FA993A8
Loading driver 4110465D-5FF3-4F4B-B580-24ED0D06747A
InstallProtocolInterface: 5B1B31A1-9562-11D2-8E3F-00A0C969723B 1F296140
Loading driver at 0x0001FA84000 EntryPoint=0x0001FA846A9 SmbiosPlatformDxe.efi
InstallProtocolInterface: BC62157E-3E33-4FEC-9920-2D3B36D750DF 1F296398
ProtectUefiImageCommon - 0x1F296140
  - 0x000000001FA84000 - 0x0000000000003440
Select Item: 0x0
FW CFG Signature: 0x554D4551
Select Item: 0x1
FW CFG Revision: 0x3
QemuFwCfg interface (DMA) is supported.
Select Item: 0x19
Select Item: 0x21
SmbiosAdd: Smbios type 1 with size 0x54 is added to 32-bit table
SmbiosCreateTable: Initialize 32-bit entry point structure
SmbiosCreateTable() re-allocate SMBIOS 32-bit table
SmbiosAdd: Smbios type 3 with size 0x2C is added to 32-bit table
SmbiosAdd: Smbios type 4 with size 0x47 is added to 32-bit table
SmbiosAdd: Smbios type 16 with size 0x19 is added to 32-bit table
SmbiosAdd: Smbios type 17 with size 0x35 is added to 32-bit table
SmbiosAdd: Smbios type 19 with size 0x21 is added to 32-bit table
SmbiosAdd: Smbios type 32 with size 0xD is added to 32-bit table
SmbiosAdd: Smbios type 0 with size 0x4A is added to 32-bit table
Loading driver FA20568B-548B-4B2B-81EF-1BA08D4A3CEC
InstallProtocolInterface: 5B1B31A1-9562-11D2-8E3F-00A0C969723B 1F293440
Loading driver at 0x0001FA75000 EntryPoint=0x0001FA7712A BootScriptExecutorDxe.efi
InstallProtocolInterface: BC62157E-3E33-4FEC-9920-2D3B36D750DF 1F293098
ProtectUefiImageCommon - 0x1F293440
  - 0x000000001FA75000 - 0x000000000000E780
Select Item: 0x0
FW CFG Signature: 0x554D4551
Select Item: 0x1
FW CFG Revision: 0x3
QemuFwCfg interface (DMA) is supported.
Select Item: 0x19
Select Item: 0x25
Loading driver D9DCC5DF-4007-435E-9098-8970935504B2
InstallProtocolInterface: 5B1B31A1-9562-11D2-8E3F-00A0C969723B 1F2830C0
Loading driver at 0x0001FA6F000 EntryPoint=0x0001FA7099E PlatformDxe.efi
InstallProtocolInterface: BC62157E-3E33-4FEC-9920-2D3B36D750DF 1F283D98
ProtectUefiImageCommon - 0x1F2830C0
  - 0x000000001FA6F000 - 0x0000000000005100
InstallProtocolInterface: 09576E91-6D3F-11D2-8E39-00A0C969723B 1FA73D20
InstallProtocolInterface: 330D4706-F2A0-4E4F-A369-B66FA8D54385 1FA73F50
Loading driver 93B80004-9FB3-11D4-9A3A-0090273FC14D
InstallProtocolInterface: 5B1B31A1-9562-11D2-8E3F-00A0C969723B 1F292040
Loading driver at 0x0001FA5E000 EntryPoint=0x0001FA60E25 PciBusDxe.efi
InstallProtocolInterface: BC62157E-3E33-4FEC-9920-2D3B36D750DF 1F283518
ProtectUefiImageCommon - 0x1F292040
  - 0x000000001FA5E000 - 0x0000000000010100
InstallProtocolInterface: 18A031AB-B443-4D1A-A5C0-0C09261E9F71 1FA6DA60
InstallProtocolInterface: 107A772C-D5E1-11D4-9A46-0090273FC14D 1FA6DA10
InstallProtocolInterface: 6A7A5CFF-E8D9-4F70-BADA-75AB3025CE14 1FA6D9F0
InstallProtocolInterface: 19CB87AB-2CB9-4665-8360-DDCF6054F79D 1FA6D9D0
Loading driver 83DD3B39-7CAF-4FAC-A542-E050B767E3A7
InstallProtocolInterface: 5B1B31A1-9562-11D2-8E3F-00A0C969723B 1F2910C0
Loading driver at 0x0001FA5A000 EntryPoint=0x0001FA5A43F VirtioPciDeviceDxe.efi
InstallProtocolInterface: BC62157E-3E33-4FEC-9920-2D3B36D750DF 1F291A18
ProtectUefiImageCommon - 0x1F2910C0
  - 0x000000001FA5A000 - 0x0000000000003300
InstallProtocolInterface: 18A031AB-B443-4D1A-A5C0-0C09261E9F71 1FA5CFE0
InstallProtocolInterface: 107A772C-D5E1-11D4-9A46-0090273FC14D 1FA5CFB0
InstallProtocolInterface: 6A7A5CFF-E8D9-4F70-BADA-75AB3025CE14 1FA5CF90
Loading driver 0170F60C-1D40-4651-956D-F0BD9879D527
InstallProtocolInterface: 5B1B31A1-9562-11D2-8E3F-00A0C969723B 1F2914C0
Loading driver at 0x0001FA54000 EntryPoint=0x0001FA55A10 Virtio10.efi
InstallProtocolInterface: BC62157E-3E33-4FEC-9920-2D3B36D750DF 1F291798
ProtectUefiImageCommon - 0x1F2914C0
  - 0x000000001FA54000 - 0x00000000000053C0
InstallProtocolInterface: 18A031AB-B443-4D1A-A5C0-0C09261E9F71 1FA59080
InstallProtocolInterface: 107A772C-D5E1-11D4-9A46-0090273FC14D 1FA59060
InstallProtocolInterface: 6A7A5CFF-E8D9-4F70-BADA-75AB3025CE14 1FA59040
Loading driver 11D92DFB-3CA9-4F93-BA2E-4780ED3E03B5
InstallProtocolInterface: 5B1B31A1-9562-11D2-8E3F-00A0C969723B 1F28A0C0
Loading driver at 0x0001FA50000 EntryPoint=0x0001FA5238A VirtioBlkDxe.efi
InstallProtocolInterface: BC62157E-3E33-4FEC-9920-2D3B36D750DF 1F28AA98
ProtectUefiImageCommon - 0x1F28A0C0
  - 0x000000001FA50000 - 0x0000000000003880
InstallProtocolInterface: 18A031AB-B443-4D1A-A5C0-0C09261E9F71 1FA53700
InstallProtocolInterface: 107A772C-D5E1-11D4-9A46-0090273FC14D 1FA536D0
InstallProtocolInterface: 6A7A5CFF-E8D9-4F70-BADA-75AB3025CE14 1FA536B0
Loading driver FAB5D4F4-83C0-4AAF-8480-442D11DF6CEA
InstallProtocolInterface: 5B1B31A1-9562-11D2-8E3F-00A0C969723B 1F28A540
Loading driver at 0x0001FA4C000 EntryPoint=0x0001FA4E8EB VirtioScsiDxe.efi
InstallProtocolInterface: BC62157E-3E33-4FEC-9920-2D3B36D750DF 1F28C018
ProtectUefiImageCommon - 0x1F28A540
  - 0x000000001FA4C000 - 0x0000000000003DC0
InstallProtocolInterface: 18A031AB-B443-4D1A-A5C0-0C09261E9F71 1FA4FC00
InstallProtocolInterface: 107A772C-D5E1-11D4-9A46-0090273FC14D 1FA4FBD0
InstallProtocolInterface: 6A7A5CFF-E8D9-4F70-BADA-75AB3025CE14 1FA4FBB0
Loading driver 58E26F0D-CBAC-4BBA-B70F-18221415665A
InstallProtocolInterface: 5B1B31A1-9562-11D2-8E3F-00A0C969723B 1F28C0C0
Loading driver at 0x0001FA48000 EntryPoint=0x0001FA49E29 VirtioRngDxe.efi
InstallProtocolInterface: BC62157E-3E33-4FEC-9920-2D3B36D750DF 1F28CA18
ProtectUefiImageCommon - 0x1F28C0C0
  - 0x000000001FA48000 - 0x0000000000003280
InstallProtocolInterface: 18A031AB-B443-4D1A-A5C0-0C09261E9F71 1FA4B0E0
InstallProtocolInterface: 107A772C-D5E1-11D4-9A46-0090273FC14D 1FA4B0B0
InstallProtocolInterface: 6A7A5CFF-E8D9-4F70-BADA-75AB3025CE14 1FA4B090
Loading driver CF569F50-DE44-4F54-B4D7-F4AE25CDA599
InstallProtocolInterface: 5B1B31A1-9562-11D2-8E3F-00A0C969723B 1F28C440
Loading driver at 0x0001FA45000 EntryPoint=0x0001FA45473 XenIoPciDxe.efi
InstallProtocolInterface: BC62157E-3E33-4FEC-9920-2D3B36D750DF 1F28DF98
ProtectUefiImageCommon - 0x1F28C440
  - 0x000000001FA45000 - 0x0000000000002840
InstallProtocolInterface: 18A031AB-B443-4D1A-A5C0-0C09261E9F71 1FA47580
InstallProtocolInterface: 107A772C-D5E1-11D4-9A46-0090273FC14D 1FA47550
InstallProtocolInterface: 6A7A5CFF-E8D9-4F70-BADA-75AB3025CE14 1FA47530
Loading driver 565EC8BA-A484-11E3-802B-B8AC6F7D65E6
InstallProtocolInterface: 5B1B31A1-9562-11D2-8E3F-00A0C969723B 1F28D7C0
Loading driver at 0x0001FA3B000 EntryPoint=0x0001FA3F6CA XenBusDxe.efi
InstallProtocolInterface: BC62157E-3E33-4FEC-9920-2D3B36D750DF 1F28D118
ProtectUefiImageCommon - 0x1F28D7C0
  - 0x000000001FA3B000 - 0x0000000000009640
Error: Image at 0001FA3B000 start failed: Aborted
Loading driver 8C2487EA-9AF3-11E3-B966-B8AC6F7D65E6
InstallProtocolInterface: 5B1B31A1-9562-11D2-8E3F-00A0C969723B 1F28D7C0
Loading driver at 0x0001FA40000 EntryPoint=0x0001FA42CAF XenPvBlkDxe.efi
InstallProtocolInterface: BC62157E-3E33-4FEC-9920-2D3B36D750DF 1F28DC98
ProtectUefiImageCommon - 0x1F28D7C0
  - 0x000000001FA40000 - 0x0000000000004F00
InstallProtocolInterface: 18A031AB-B443-4D1A-A5C0-0C09261E9F71 1FA44D20
InstallProtocolInterface: 107A772C-D5E1-11D4-9A46-0090273FC14D 1FA44D00
InstallProtocolInterface: 6A7A5CFF-E8D9-4F70-BADA-75AB3025CE14 1FA44CE0
Loading driver 51CCF399-4FDF-4E55-A45B-E123F84D456A
InstallProtocolInterface: 5B1B31A1-9562-11D2-8E3F-00A0C969723B 1F290040
Loading driver at 0x0001FA3B000 EntryPoint=0x0001FA3D85E ConPlatformDxe.efi
InstallProtocolInterface: BC62157E-3E33-4FEC-9920-2D3B36D750DF 1F28D298
ProtectUefiImageCommon - 0x1F290040
  - 0x000000001FA3B000 - 0x0000000000004400
InstallProtocolInterface: 18A031AB-B443-4D1A-A5C0-0C09261E9F71 1FA3F180
InstallProtocolInterface: 107A772C-D5E1-11D4-9A46-0090273FC14D 1FA3EFA0
InstallProtocolInterface: 6A7A5CFF-E8D9-4F70-BADA-75AB3025CE14 1FA3EF80
InstallProtocolInterface: 18A031AB-B443-4D1A-A5C0-0C09261E9F71 1FA3F140
InstallProtocolInterface: 107A772C-D5E1-11D4-9A46-0090273FC14D 1FA3EFA0
InstallProtocolInterface: 6A7A5CFF-E8D9-4F70-BADA-75AB3025CE14 1FA3EF80
Loading driver 408EDCEC-CF6D-477C-A5A8-B4844E3DE281
InstallProtocolInterface: 5B1B31A1-9562-11D2-8E3F-00A0C969723B 1F2904C0
Loading driver at 0x0001FA32000 EntryPoint=0x0001FA33D2D ConSplitterDxe.efi
InstallProtocolInterface: BC62157E-3E33-4FEC-9920-2D3B36D750DF 1F290818
ProtectUefiImageCommon - 0x1F2904C0
  - 0x000000001FA32000 - 0x0000000000008140
InstallProtocolInterface: 18A031AB-B443-4D1A-A5C0-0C09261E9F71 1FA39C20
InstallProtocolInterface: 107A772C-D5E1-11D4-9A46-0090273FC14D 1FA39BF0
InstallProtocolInterface: 6A7A5CFF-E8D9-4F70-BADA-75AB3025CE14 1FA39BD0
InstallProtocolInterface: 18A031AB-B443-4D1A-A5C0-0C09261E9F71 1FA39BA0
InstallProtocolInterface: 107A772C-D5E1-11D4-9A46-0090273FC14D 1FA39B70
InstallProtocolInterface: 6A7A5CFF-E8D9-4F70-BADA-75AB3025CE14 1FA39B50
InstallProtocolInterface: 18A031AB-B443-4D1A-A5C0-0C09261E9F71 1FA39B20
InstallProtocolInterface: 107A772C-D5E1-11D4-9A46-0090273FC14D 1FA39AF0
InstallProtocolInterface: 6A7A5CFF-E8D9-4F70-BADA-75AB3025CE14 1FA39AD0
InstallProtocolInterface: 18A031AB-B443-4D1A-A5C0-0C09261E9F71 1FA39AA0
InstallProtocolInterface: 107A772C-D5E1-11D4-9A46-0090273FC14D 1FA39A70
InstallProtocolInterface: 6A7A5CFF-E8D9-4F70-BADA-75AB3025CE14 1FA39A50
InstallProtocolInterface: 18A031AB-B443-4D1A-A5C0-0C09261E9F71 1FA39A20
InstallProtocolInterface: 107A772C-D5E1-11D4-9A46-0090273FC14D 1FA399F0
InstallProtocolInterface: 6A7A5CFF-E8D9-4F70-BADA-75AB3025CE14 1FA399D0
InstallProtocolInterface: 387477C1-69C7-11D2-8E39-00A0C969723B 1FA39850
InstallProtocolInterface: DD9E7534-7762-4698-8C14-F58517A625AA 1FA39880
InstallProtocolInterface: 31878C87-0B75-11D5-9A4F-0090273FC14D 1FA398F0
InstallProtocolInterface: 8D59D32B-C655-4AE9-9B15-F25904992A43 1FA39948
InstallProtocolInterface: 387477C2-69C7-11D2-8E39-00A0C969723B 1FA39DF0
InstallProtocolInterface: 387477C2-69C7-11D2-8E39-00A0C969723B 1FA396F0
Loading driver CCCB0C28-4B24-11D5-9A5A-0090273FC14D
InstallProtocolInterface: 5B1B31A1-9562-11D2-8E3F-00A0C969723B 1F2890C0
Loading driver at 0x0001FA2B000 EntryPoint=0x0001FA2E29D GraphicsConsoleDxe.efi
InstallProtocolInterface: BC62157E-3E33-4FEC-9920-2D3B36D750DF 1F289A98
ProtectUefiImageCommon - 0x1F2890C0
  - 0x000000001FA2B000 - 0x0000000000006200
InstallProtocolInterface: 18A031AB-B443-4D1A-A5C0-0C09261E9F71 1FA30F60
InstallProtocolInterface: 107A772C-D5E1-11D4-9A46-0090273FC14D 1FA30F30
InstallProtocolInterface: 6A7A5CFF-E8D9-4F70-BADA-75AB3025CE14 1FA30F10
Loading driver 9E863906-A40F-4875-977F-5B93FF237FC6
InstallProtocolInterface: 5B1B31A1-9562-11D2-8E3F-00A0C969723B 1F288040
Loading driver at 0x0001FA22000 EntryPoint=0x0001FA238AE TerminalDxe.efi
InstallProtocolInterface: BC62157E-3E33-4FEC-9920-2D3B36D750DF 1F289418
ProtectUefiImageCommon - 0x1F288040
  - 0x000000001FA22000 - 0x0000000000008540
InstallProtocolInterface: 18A031AB-B443-4D1A-A5C0-0C09261E9F71 1FA29E60
InstallProtocolInterface: 107A772C-D5E1-11D4-9A46-0090273FC14D 1FA29E40
InstallProtocolInterface: 6A7A5CFF-E8D9-4F70-BADA-75AB3025CE14 1FA29E20
Loading driver 6B38F7B4-AD98-40E9-9093-ACA2B5A253C4
InstallProtocolInterface: 5B1B31A1-9562-11D2-8E3F-00A0C969723B 1F288440
Loading driver at 0x0001FA1D000 EntryPoint=0x0001FA203BA DiskIoDxe.efi
InstallProtocolInterface: BC62157E-3E33-4FEC-9920-2D3B36D750DF 1F288698
ProtectUefiImageCommon - 0x1F288440
  - 0x000000001FA1D000 - 0x0000000000005000
InstallProtocolInterface: 18A031AB-B443-4D1A-A5C0-0C09261E9F71 1FA21E40
InstallProtocolInterface: 107A772C-D5E1-11D4-9A46-0090273FC14D 1FA21E10
InstallProtocolInterface: 6A7A5CFF-E8D9-4F70-BADA-75AB3025CE14 1FA21DF0
Loading driver 1FA1F39E-FEFF-4AAE-BD7B-38A070A3B609
InstallProtocolInterface: 5B1B31A1-9562-11D2-8E3F-00A0C969723B 1F287B40
Loading driver at 0x0001EA64000 EntryPoint=0x0001EA684A8 PartitionDxe.efi
InstallProtocolInterface: BC62157E-3E33-4FEC-9920-2D3B36D750DF 1F288898
ProtectUefiImageCommon - 0x1F287B40
  - 0x000000001EA64000 - 0x0000000000006B00
InstallProtocolInterface: 18A031AB-B443-4D1A-A5C0-0C09261E9F71 1EA6A920
InstallProtocolInterface: 107A772C-D5E1-11D4-9A46-0090273FC14D 1EA6A8F0
InstallProtocolInterface: 6A7A5CFF-E8D9-4F70-BADA-75AB3025CE14 1EA6A8D0
Loading driver CD3BAFB6-50FB-4FE8-8E4E-AB74D2C1A600
InstallProtocolInterface: 5B1B31A1-9562-11D2-8E3F-00A0C969723B 1F2871C0
Loading driver at 0x0001EA61000 EntryPoint=0x0001EA6233B EnglishDxe.efi
InstallProtocolInterface: BC62157E-3E33-4FEC-9920-2D3B36D750DF 1F287518
ProtectUefiImageCommon - 0x1F2871C0
  - 0x000000001EA61000 - 0x0000000000002340
InstallProtocolInterface: 1D85CD7F-F43D-11D2-9A0C-0090273FC14D 1EA62D20
InstallProtocolInterface: A4C751FC-23AE-4C3E-92E9-4964CF63F349 1EA62CC0
Loading driver 0167CCC4-D0F7-4F21-A3EF-9E64B7CDCE8B
InstallProtocolInterface: 5B1B31A1-9562-11D2-8E3F-00A0C969723B 1F2860C0
Loading driver at 0x0001EA5C000 EntryPoint=0x0001EA5D1E8 ScsiBus.efi
InstallProtocolInterface: BC62157E-3E33-4FEC-9920-2D3B36D750DF 1F286A98
ProtectUefiImageCommon - 0x1F2860C0
  - 0x000000001EA5C000 - 0x00000000000042C0
InstallProtocolInterface: 18A031AB-B443-4D1A-A5C0-0C09261E9F71 1EA5FF60
InstallProtocolInterface: 107A772C-D5E1-11D4-9A46-0090273FC14D 1EA5FF30
InstallProtocolInterface: 6A7A5CFF-E8D9-4F70-BADA-75AB3025CE14 1EA5FF10
Loading driver 0A66E322-3740-4CCE-AD62-BD172CECCA35
InstallProtocolInterface: 5B1B31A1-9562-11D2-8E3F-00A0C969723B 1F2863C0
Loading driver at 0x0001EA51000 EntryPoint=0x0001EA525E8 ScsiDisk.efi
InstallProtocolInterface: BC62157E-3E33-4FEC-9920-2D3B36D750DF 1F286798
ProtectUefiImageCommon - 0x1F2863C0
  - 0x000000001EA51000 - 0x000000000000A6C0
InstallProtocolInterface: 18A031AB-B443-4D1A-A5C0-0C09261E9F71 1EA5B340
InstallProtocolInterface: 107A772C-D5E1-11D4-9A46-0090273FC14D 1EA5B320
InstallProtocolInterface: 6A7A5CFF-E8D9-4F70-BADA-75AB3025CE14 1EA5B300
Loading driver 021722D8-522B-4079-852A-FE44C2C13F49
InstallProtocolInterface: 5B1B31A1-9562-11D2-8E3F-00A0C969723B 1F285CC0
Loading driver at 0x0001EA4D000 EntryPoint=0x0001EA4D557 SataController.efi
InstallProtocolInterface: BC62157E-3E33-4FEC-9920-2D3B36D750DF 1F285898
ProtectUefiImageCommon - 0x1F285CC0
  - 0x000000001EA4D000 - 0x0000000000003580
InstallProtocolInterface: 18A031AB-B443-4D1A-A5C0-0C09261E9F71 1EA502A0
InstallProtocolInterface: 107A772C-D5E1-11D4-9A46-0090273FC14D 1EA50270
InstallProtocolInterface: 6A7A5CFF-E8D9-4F70-BADA-75AB3025CE14 1EA50250
Loading driver 5E523CB4-D397-4986-87BD-A6DD8B22F455
InstallProtocolInterface: 5B1B31A1-9562-11D2-8E3F-00A0C969723B 1F2853C0
Loading driver at 0x0001EA42000 EntryPoint=0x0001EA4702E AtaAtapiPassThruDxe.efi
InstallProtocolInterface: BC62157E-3E33-4FEC-9920-2D3B36D750DF 1F285718
ProtectUefiImageCommon - 0x1F2853C0
  - 0x000000001EA42000 - 0x000000000000B000
InstallProtocolInterface: 18A031AB-B443-4D1A-A5C0-0C09261E9F71 1EA4CBE0
InstallProtocolInterface: 107A772C-D5E1-11D4-9A46-0090273FC14D 1EA4CBC0
InstallProtocolInterface: 6A7A5CFF-E8D9-4F70-BADA-75AB3025CE14 1EA4CBA0
Loading driver 19DF145A-B1D4-453F-8507-38816676D7F6
InstallProtocolInterface: 5B1B31A1-9562-11D2-8E3F-00A0C969723B 1F284140
Loading driver at 0x0001EA3B000 EntryPoint=0x0001EA3C715 AtaBusDxe.efi
InstallProtocolInterface: BC62157E-3E33-4FEC-9920-2D3B36D750DF 1F284D98
ProtectUefiImageCommon - 0x1F284140
  - 0x000000001EA3B000 - 0x0000000000006AC0
InstallProtocolInterface: 18A031AB-B443-4D1A-A5C0-0C09261E9F71 1EA41700
InstallProtocolInterface: 107A772C-D5E1-11D4-9A46-0090273FC14D 1EA416D0
InstallProtocolInterface: 6A7A5CFF-E8D9-4F70-BADA-75AB3025CE14 1EA416B0
Loading driver 5BE3BDF4-53CF-46A3-A6A9-73C34A6E5EE3
InstallProtocolInterface: 5B1B31A1-9562-11D2-8E3F-00A0C969723B 1F2845C0
Loading driver at 0x0001EA30000 EntryPoint=0x0001EA34593 NvmExpressDxe.efi
InstallProtocolInterface: BC62157E-3E33-4FEC-9920-2D3B36D750DF 1F275F98
ProtectUefiImageCommon - 0x1F2845C0
  - 0x000000001EA30000 - 0x000000000000A9C0
InstallProtocolInterface: 18A031AB-B443-4D1A-A5C0-0C09261E9F71 1EA3A620
InstallProtocolInterface: 107A772C-D5E1-11D4-9A46-0090273FC14D 1EA3A5F0
InstallProtocolInterface: 6A7A5CFF-E8D9-4F70-BADA-75AB3025CE14 1EA3A5D0
InstallProtocolInterface: 5C198761-16A8-4E69-972C-89D67954F81D 1EA3A5C0
Loading driver 864E1CA8-85EB-4D63-9DCC-6E0FC90FFD55
InstallProtocolInterface: 5B1B31A1-9562-11D2-8E3F-00A0C969723B 1F275840
Loading driver at 0x0001EA2C000 EntryPoint=0x0001EA2C3F1 SioBusDxe.efi
InstallProtocolInterface: BC62157E-3E33-4FEC-9920-2D3B36D750DF 1F275D98
ProtectUefiImageCommon - 0x1F275840
  - 0x000000001EA2C000 - 0x0000000000003500
InstallProtocolInterface: 18A031AB-B443-4D1A-A5C0-0C09261E9F71 1EA2F1E0
InstallProtocolInterface: 107A772C-D5E1-11D4-9A46-0090273FC14D 1EA2F1B0
InstallProtocolInterface: 6A7A5CFF-E8D9-4F70-BADA-75AB3025CE14 1EA2F190
Loading driver E2775B47-D453-4EE3-ADA7-391A1B05AC17
InstallProtocolInterface: 5B1B31A1-9562-11D2-8E3F-00A0C969723B 1F279040
Loading driver at 0x0001EA25000 EntryPoint=0x0001EA26620 PciSioSerialDxe.efi
InstallProtocolInterface: BC62157E-3E33-4FEC-9920-2D3B36D750DF 1F279D18
ProtectUefiImageCommon - 0x1F279040
  - 0x000000001EA25000 - 0x0000000000006C00
InstallProtocolInterface: 18A031AB-B443-4D1A-A5C0-0C09261E9F71 1EA2B860
InstallProtocolInterface: 107A772C-D5E1-11D4-9A46-0090273FC14D 1EA2B840
InstallProtocolInterface: 6A7A5CFF-E8D9-4F70-BADA-75AB3025CE14 1EA2B820
Loading driver C4D1F932-821F-4744-BF06-6D30F7730F8D
InstallProtocolInterface: 5B1B31A1-9562-11D2-8E3F-00A0C969723B 1F2799C0
Loading driver at 0x0001EA1F000 EntryPoint=0x0001EA1F3B9 Ps2KeyboardDxe.efi
InstallProtocolInterface: BC62157E-3E33-4FEC-9920-2D3B36D750DF 1F279898
ProtectUefiImageCommon - 0x1F2799C0
  - 0x000000001EA1F000 - 0x0000000000005E00
InstallProtocolInterface: 18A031AB-B443-4D1A-A5C0-0C09261E9F71 1EA24A00
InstallProtocolInterface: 107A772C-D5E1-11D4-9A46-0090273FC14D 1EA249D0
InstallProtocolInterface: 6A7A5CFF-E8D9-4F70-BADA-75AB3025CE14 1EA249B0
Loading driver B8E62775-BB0A-43F0-A843-5BE8B14F8CCD
InstallProtocolInterface: 5B1B31A1-9562-11D2-8E3F-00A0C969723B 1F27D040
Loading driver at 0x0001EA1C000 EntryPoint=0x0001EA1C654 BootGraphicsResourceTableDxe.efi
InstallProtocolInterface: BC62157E-3E33-4FEC-9920-2D3B36D750DF 1F27DE98
ProtectUefiImageCommon - 0x1F27D040
  - 0x000000001EA1C000 - 0x0000000000002BC0
InstallProtocolInterface: CDEA2BD3-FC25-4C1C-B97C-B31186064990 1EA1E800
InstallProtocolInterface: 4B5DC1DF-1EAA-48B2-A7E9-EAC489A00B5C 1EA1E7E0
Loading driver 961578FE-B6B7-44C3-AF35-6BC705CD2B1F
InstallProtocolInterface: 5B1B31A1-9562-11D2-8E3F-00A0C969723B 1F27D540
Loading driver at 0x0001EA11000 EntryPoint=0x0001EA18151 Fat.efi
InstallProtocolInterface: BC62157E-3E33-4FEC-9920-2D3B36D750DF 1F27DD18
ProtectUefiImageCommon - 0x1F27D540
  - 0x000000001EA11000 - 0x000000000000A640
InstallProtocolInterface: 18A031AB-B443-4D1A-A5C0-0C09261E9F71 1EA1B300
InstallProtocolInterface: 107A772C-D5E1-11D4-9A46-0090273FC14D 1EA1B2D0
InstallProtocolInterface: 6A7A5CFF-E8D9-4F70-BADA-75AB3025CE14 1EA1B2B0
Loading driver 905F13B0-8F91-4B0A-BD76-E1E78F9422E4
InstallProtocolInterface: 5B1B31A1-9562-11D2-8E3F-00A0C969723B 1F280CC0
Loading driver at 0x0001EA0A000 EntryPoint=0x0001EA0EA8E UdfDxe.efi
InstallProtocolInterface: BC62157E-3E33-4FEC-9920-2D3B36D750DF 1F280B18
ProtectUefiImageCommon - 0x1F280CC0
  - 0x000000001EA0A000 - 0x0000000000006580
InstallProtocolInterface: 18A031AB-B443-4D1A-A5C0-0C09261E9F71 1EA10380
InstallProtocolInterface: 107A772C-D5E1-11D4-9A46-0090273FC14D 1EA10350
InstallProtocolInterface: 6A7A5CFF-E8D9-4F70-BADA-75AB3025CE14 1EA10330
Loading driver A2F436EA-A127-4EF8-957C-8048606FF670
InstallProtocolInterface: 5B1B31A1-9562-11D2-8E3F-00A0C969723B 1F2803C0
Loading driver at 0x0001EA02000 EntryPoint=0x0001EA04B6C SnpDxe.efi
InstallProtocolInterface: BC62157E-3E33-4FEC-9920-2D3B36D750DF 1F280718
ProtectUefiImageCommon - 0x1F2803C0
  - 0x000000001EA02000 - 0x00000000000078C0
InstallProtocolInterface: 18A031AB-B443-4D1A-A5C0-0C09261E9F71 1EA09580
InstallProtocolInterface: 107A772C-D5E1-11D4-9A46-0090273FC14D 1EA09550
InstallProtocolInterface: 6A7A5CFF-E8D9-4F70-BADA-75AB3025CE14 1EA09530
Loading driver E4F61863-FE2C-4B56-A8F4-08519BC439DF
InstallProtocolInterface: 5B1B31A1-9562-11D2-8E3F-00A0C969723B 1F27FCC0
Loading driver at 0x0001E9FA000 EntryPoint=0x0001E9FD84E VlanConfigDxe.efi
InstallProtocolInterface: BC62157E-3E33-4FEC-9920-2D3B36D750DF 1F27F818
ProtectUefiImageCommon - 0x1F27FCC0
  - 0x000000001E9FA000 - 0x00000000000073C0
InstallProtocolInterface: 18A031AB-B443-4D1A-A5C0-0C09261E9F71 1EA00FE0
InstallProtocolInterface: 107A772C-D5E1-11D4-9A46-0090273FC14D 1EA00FC0
InstallProtocolInterface: 6A7A5CFF-E8D9-4F70-BADA-75AB3025CE14 1EA00FA0
Loading driver 025BBFC7-E6A9-4B8B-82AD-6815A1AEAF4A
InstallProtocolInterface: 5B1B31A1-9562-11D2-8E3F-00A0C969723B 1F27F3C0
Loading driver at 0x0001E9EE000 EntryPoint=0x0001E9F0954 MnpDxe.efi
InstallProtocolInterface: BC62157E-3E33-4FEC-9920-2D3B36D750DF 1F27EF18
ProtectUefiImageCommon - 0x1F27F3C0
  - 0x000000001E9EE000 - 0x000000000000B100
InstallProtocolInterface: 18A031AB-B443-4D1A-A5C0-0C09261E9F71 1E9F8CC0
InstallProtocolInterface: 107A772C-D5E1-11D4-9A46-0090273FC14D 1E9F8CA0
InstallProtocolInterface: 6A7A5CFF-E8D9-4F70-BADA-75AB3025CE14 1E9F8C80
Loading driver 529D3F93-E8E9-4E73-B1E1-BDF6A9D50113
InstallProtocolInterface: 5B1B31A1-9562-11D2-8E3F-00A0C969723B 1F27E1C0
Loading driver at 0x0001E9E7000 EntryPoint=0x0001E9EAC69 ArpDxe.efi
InstallProtocolInterface: BC62157E-3E33-4FEC-9920-2D3B36D750DF 1F27EA18
ProtectUefiImageCommon - 0x1F27E1C0
  - 0x000000001E9E7000 - 0x0000000000006440
InstallProtocolInterface: 18A031AB-B443-4D1A-A5C0-0C09261E9F71 1E9ED260
InstallProtocolInterface: 107A772C-D5E1-11D4-9A46-0090273FC14D 1E9ED230
InstallProtocolInterface: 6A7A5CFF-E8D9-4F70-BADA-75AB3025CE14 1E9ED210
Loading driver 94734718-0BBC-47FB-96A5-EE7A5AE6A2AD
InstallProtocolInterface: 5B1B31A1-9562-11D2-8E3F-00A0C969723B 1F27E640
Loading driver at 0x0001E9DC000 EntryPoint=0x0001E9DF92C Dhcp4Dxe.efi
InstallProtocolInterface: BC62157E-3E33-4FEC-9920-2D3B36D750DF 1F27C018
ProtectUefiImageCommon - 0x1F27E640
  - 0x000000001E9DC000 - 0x000000000000AFC0
InstallProtocolInterface: 18A031AB-B443-4D1A-A5C0-0C09261E9F71 1E9E5F40
InstallProtocolInterface: 107A772C-D5E1-11D4-9A46-0090273FC14D 1E9E5F20
InstallProtocolInterface: 6A7A5CFF-E8D9-4F70-BADA-75AB3025CE14 1E9E5F00
Loading driver 9FB1A1F3-3B71-4324-B39A-745CBB015FFF
InstallProtocolInterface: 5B1B31A1-9562-11D2-8E3F-00A0C969723B 1F27C0C0
Loading driver at 0x0001E9C7000 EntryPoint=0x0001E9CC43C Ip4Dxe.efi
InstallProtocolInterface: BC62157E-3E33-4FEC-9920-2D3B36D750DF 1F27C918
ProtectUefiImageCommon - 0x1F27C0C0
  - 0x000000001E9C7000 - 0x0000000000014400
InstallProtocolInterface: 18A031AB-B443-4D1A-A5C0-0C09261E9F71 1E9DAF00
InstallProtocolInterface: 107A772C-D5E1-11D4-9A46-0090273FC14D 1E9DAEE0
InstallProtocolInterface: 6A7A5CFF-E8D9-4F70-BADA-75AB3025CE14 1E9DAEC0
Loading driver 6D6963AB-906D-4A65-A7CA-BD40E5D6AF2B
InstallProtocolInterface: 5B1B31A1-9562-11D2-8E3F-00A0C969723B 1F27B040
Loading driver at 0x0001E9BD000 EntryPoint=0x0001E9BE9DA Udp4Dxe.efi
InstallProtocolInterface: BC62157E-3E33-4FEC-9920-2D3B36D750DF 1F27BE98
ProtectUefiImageCommon - 0x1F27B040
  - 0x000000001E9BD000 - 0x0000000000009580
InstallProtocolInterface: 18A031AB-B443-4D1A-A5C0-0C09261E9F71 1E9C6160
InstallProtocolInterface: 107A772C-D5E1-11D4-9A46-0090273FC14D 1E9C6130
InstallProtocolInterface: 6A7A5CFF-E8D9-4F70-BADA-75AB3025CE14 1E9C6110
Loading driver DC3641B8-2FA8-4ED3-BC1F-F9962A03454B
InstallProtocolInterface: 5B1B31A1-9562-11D2-8E3F-00A0C969723B 1F27B440
Loading driver at 0x0001E9B3000 EntryPoint=0x0001E9B7E44 Mtftp4Dxe.efi
InstallProtocolInterface: BC62157E-3E33-4FEC-9920-2D3B36D750DF 1F27BA18
ProtectUefiImageCommon - 0x1F27B440
  - 0x000000001E9B3000 - 0x0000000000009C40
InstallProtocolInterface: 18A031AB-B443-4D1A-A5C0-0C09261E9F71 1E9BC980
InstallProtocolInterface: 107A772C-D5E1-11D4-9A46-0090273FC14D 1E9BC950
InstallProtocolInterface: 6A7A5CFF-E8D9-4F70-BADA-75AB3025CE14 1E9BC930
Loading driver 1A7E4468-2F55-4A56-903C-01265EB7622B
InstallProtocolInterface: 5B1B31A1-9562-11D2-8E3F-00A0C969723B 1F27AB40
Loading driver at 0x0001E99F000 EntryPoint=0x0001E9A4DA3 TcpDxe.efi
InstallProtocolInterface: BC62157E-3E33-4FEC-9920-2D3B36D750DF 1F27A098
ProtectUefiImageCommon - 0x1F27AB40
  - 0x000000001E99F000 - 0x0000000000013240
InstallProtocolInterface: 18A031AB-B443-4D1A-A5C0-0C09261E9F71 1E9B1D20
InstallProtocolInterface: 107A772C-D5E1-11D4-9A46-0090273FC14D 1E9B1DA0
InstallProtocolInterface: 6A7A5CFF-E8D9-4F70-BADA-75AB3025CE14 1E9B1D80
InstallProtocolInterface: 18A031AB-B443-4D1A-A5C0-0C09261E9F71 1E9B1CE0
InstallProtocolInterface: 107A772C-D5E1-11D4-9A46-0090273FC14D 1E9B1DA0
InstallProtocolInterface: 6A7A5CFF-E8D9-4F70-BADA-75AB3025CE14 1E9B1D80
Loading driver B95E9FDA-26DE-48D2-8807-1F9107AC5E3A
InstallProtocolInterface: 5B1B31A1-9562-11D2-8E3F-00A0C969723B 1F278040
Loading driver at 0x0001E98D000 EntryPoint=0x0001E99434D UefiPxeBcDxe.efi
InstallProtocolInterface: BC62157E-3E33-4FEC-9920-2D3B36D750DF 1F27A318
ProtectUefiImageCommon - 0x1F278040
  - 0x000000001E98D000 - 0x0000000000011300
InstallProtocolInterface: 18A031AB-B443-4D1A-A5C0-0C09261E9F71 1E99E060
InstallProtocolInterface: 107A772C-D5E1-11D4-9A46-0090273FC14D 1E99DE80
InstallProtocolInterface: 6A7A5CFF-E8D9-4F70-BADA-75AB3025CE14 1E99DE60
InstallProtocolInterface: 18A031AB-B443-4D1A-A5C0-0C09261E9F71 1E99E020
InstallProtocolInterface: 107A772C-D5E1-11D4-9A46-0090273FC14D 1E99DE80
InstallProtocolInterface: 6A7A5CFF-E8D9-4F70-BADA-75AB3025CE14 1E99DE60
Loading driver 86CDDF93-4872-4597-8AF9-A35AE4D3725F
InstallProtocolInterface: 5B1B31A1-9562-11D2-8E3F-00A0C969723B 1F278340
Loading driver at 0x0001E96E000 EntryPoint=0x0001E970A30 IScsiDxe.efi
InstallProtocolInterface: BC62157E-3E33-4FEC-9920-2D3B36D750DF 1F278A98
ProtectUefiImageCommon - 0x1F278340
  - 0x000000001E96E000 - 0x000000000001E780
InstallProtocolInterface: 18A031AB-B443-4D1A-A5C0-0C09261E9F71 1E98C0C0
InstallProtocolInterface: 107A772C-D5E1-11D4-9A46-0090273FC14D 1E98C2D0
InstallProtocolInterface: 6A7A5CFF-E8D9-4F70-BADA-75AB3025CE14 1E98C2B0
InstallProtocolInterface: 18A031AB-B443-4D1A-A5C0-0C09261E9F71 1E98C080
InstallProtocolInterface: 107A772C-D5E1-11D4-9A46-0090273FC14D 1E98C2D0
InstallProtocolInterface: 6A7A5CFF-E8D9-4F70-BADA-75AB3025CE14 1E98C2B0
InstallProtocolInterface: 59324945-EC44-4C0D-B1CD-9DB139DF070C 1E98C070
InstallProtocolInterface: 09576E91-6D3F-11D2-8E39-00A0C969723B 1E98C020
InstallProtocolInterface: 330D4706-F2A0-4E4F-A369-B66FA8D54385 1F277E28
InstallProtocolInterface: 7671D9D0-53DB-4173-AA69-2327F21F0BC7 1E98C050
Loading driver A92CDB4B-82F1-4E0B-A516-8A655D371524
InstallProtocolInterface: 5B1B31A1-9562-11D2-8E3F-00A0C969723B 1F2766C0
Loading driver at 0x0001E968000 EntryPoint=0x0001E96ABEC VirtioNetDxe.efi
InstallProtocolInterface: BC62157E-3E33-4FEC-9920-2D3B36D750DF 1F277618
ProtectUefiImageCommon - 0x1F2766C0
  - 0x000000001E968000 - 0x0000000000005D80
InstallProtocolInterface: 18A031AB-B443-4D1A-A5C0-0C09261E9F71 1E96DAA0
InstallProtocolInterface: 107A772C-D5E1-11D4-9A46-0090273FC14D 1E96DA80
InstallProtocolInterface: 6A7A5CFF-E8D9-4F70-BADA-75AB3025CE14 1E96DA60
Loading driver 2FB92EFA-2EE0-4BAE-9EB6-7464125E1EF7
InstallProtocolInterface: 5B1B31A1-9562-11D2-8E3F-00A0C969723B 1F276D40
Loading driver at 0x0001E960000 EntryPoint=0x0001E965531 UhciDxe.efi
InstallProtocolInterface: BC62157E-3E33-4FEC-9920-2D3B36D750DF 1F276598
ProtectUefiImageCommon - 0x1F276D40
  - 0x000000001E960000 - 0x0000000000007580
InstallProtocolInterface: 18A031AB-B443-4D1A-A5C0-0C09261E9F71 1E9673E0
InstallProtocolInterface: 107A772C-D5E1-11D4-9A46-0090273FC14D 1E9673B0
InstallProtocolInterface: 6A7A5CFF-E8D9-4F70-BADA-75AB3025CE14 1E967390
Loading driver BDFE430E-8F2A-4DB0-9991-6F856594777E
InstallProtocolInterface: 5B1B31A1-9562-11D2-8E3F-00A0C969723B 1F272D40
Loading driver at 0x0001E956000 EntryPoint=0x0001E9565FF EhciDxe.efi
InstallProtocolInterface: BC62157E-3E33-4FEC-9920-2D3B36D750DF 1F272B98
ProtectUefiImageCommon - 0x1F272D40
  - 0x000000001E956000 - 0x00000000000090C0
InstallProtocolInterface: 18A031AB-B443-4D1A-A5C0-0C09261E9F71 1E95ED40
InstallProtocolInterface: 107A772C-D5E1-11D4-9A46-0090273FC14D 1E95ED10
InstallProtocolInterface: 6A7A5CFF-E8D9-4F70-BADA-75AB3025CE14 1E95ECF0
Loading driver B7F50E91-A759-412C-ADE4-DCD03E7F7C28
InstallProtocolInterface: 5B1B31A1-9562-11D2-8E3F-00A0C969723B 1F2727C0
Loading driver at 0x0001E948000 EntryPoint=0x0001E94AD2D XhciDxe.efi
InstallProtocolInterface: BC62157E-3E33-4FEC-9920-2D3B36D750DF 1F272A98
ProtectUefiImageCommon - 0x1F2727C0
  - 0x000000001E948000 - 0x000000000000D4C0
InstallProtocolInterface: 18A031AB-B443-4D1A-A5C0-0C09261E9F71 1E955080
InstallProtocolInterface: 107A772C-D5E1-11D4-9A46-0090273FC14D 1E955050
InstallProtocolInterface: 6A7A5CFF-E8D9-4F70-BADA-75AB3025CE14 1E955030
Loading driver 240612B7-A063-11D4-9A3A-0090273FC14D
InstallProtocolInterface: 5B1B31A1-9562-11D2-8E3F-00A0C969723B 1F271040
Loading driver at 0x0001E93E000 EntryPoint=0x0001E9449B5 UsbBusDxe.efi
InstallProtocolInterface: BC62157E-3E33-4FEC-9920-2D3B36D750DF 1F271C98
ProtectUefiImageCommon - 0x1F271040
  - 0x000000001E93E000 - 0x0000000000009AC0
InstallProtocolInterface: 18A031AB-B443-4D1A-A5C0-0C09261E9F71 1E9478E0
InstallProtocolInterface: 107A772C-D5E1-11D4-9A46-0090273FC14D 1E9478B0
InstallProtocolInterface: 6A7A5CFF-E8D9-4F70-BADA-75AB3025CE14 1E947890
Loading driver 2D2E62CF-9ECF-43B7-8219-94E7FC713DFE
InstallProtocolInterface: 5B1B31A1-9562-11D2-8E3F-00A0C969723B 1F2715C0
Loading driver at 0x0001E937000 EntryPoint=0x0001E938AA5 UsbKbDxe.efi
InstallProtocolInterface: BC62157E-3E33-4FEC-9920-2D3B36D750DF 1F271818
ProtectUefiImageCommon - 0x1F2715C0
  - 0x000000001E937000 - 0x0000000000006A80
InstallProtocolInterface: 18A031AB-B443-4D1A-A5C0-0C09261E9F71 1E93D680
InstallProtocolInterface: 107A772C-D5E1-11D4-9A46-0090273FC14D 1E93D650
InstallProtocolInterface: 6A7A5CFF-E8D9-4F70-BADA-75AB3025CE14 1E93D630
Loading driver 9FB4B4A7-42C0-4BCD-8540-9BCC6711F83E
InstallProtocolInterface: 5B1B31A1-9562-11D2-8E3F-00A0C969723B 1F2702C0
Loading driver at 0x0001E931000 EntryPoint=0x0001E935022 UsbMassStorageDxe.efi
InstallProtocolInterface: BC62157E-3E33-4FEC-9920-2D3B36D750DF 1F270C98
ProtectUefiImageCommon - 0x1F2702C0
  - 0x000000001E931000 - 0x0000000000005F00
InstallProtocolInterface: 18A031AB-B443-4D1A-A5C0-0C09261E9F71 1E936D20
InstallProtocolInterface: 107A772C-D5E1-11D4-9A46-0090273FC14D 1E936CF0
InstallProtocolInterface: 6A7A5CFF-E8D9-4F70-BADA-75AB3025CE14 1E936CD0
Loading driver E3752948-B9A1-4770-90C4-DF41C38986BE
InstallProtocolInterface: 5B1B31A1-9562-11D2-8E3F-00A0C969723B 1F270540
Loading driver at 0x0001E92A000 EntryPoint=0x0001E92C581 QemuVideoDxe.efi
InstallProtocolInterface: BC62157E-3E33-4FEC-9920-2D3B36D750DF 1F270198
ProtectUefiImageCommon - 0x1F270540
  - 0x000000001E92A000 - 0x0000000000006800
InstallProtocolInterface: 18A031AB-B443-4D1A-A5C0-0C09261E9F71 1E9304A0
InstallProtocolInterface: 107A772C-D5E1-11D4-9A46-0090273FC14D 1E930470
InstallProtocolInterface: 6A7A5CFF-E8D9-4F70-BADA-75AB3025CE14 1E930450
Loading driver D6099B94-CD97-4CC5-8714-7F6312701A8A
InstallProtocolInterface: 5B1B31A1-9562-11D2-8E3F-00A0C969723B 1F26F2C0
Loading driver at 0x0001E923000 EntryPoint=0x0001E926875 VirtioGpuDxe.efi
InstallProtocolInterface: BC62157E-3E33-4FEC-9920-2D3B36D750DF 1F26FA98
ProtectUefiImageCommon - 0x1F26F2C0
  - 0x000000001E923000 - 0x0000000000006240
InstallProtocolInterface: 18A031AB-B443-4D1A-A5C0-0C09261E9F71 1E929080
InstallProtocolInterface: 6A7A5CFF-E8D9-4F70-BADA-75AB3025CE14 1E929060
[Bds] Entry...
[BdsDxe] Locate Variable Lock protocol - Success
[Variable] Lock: 8BE4DF61-93CA-11D2-AA0D-00E098032B8C:PlatformLangCodes Success
[Variable] Lock: 8BE4DF61-93CA-11D2-AA0D-00E098032B8C:LangCodes Success
[Variable] Lock: 8BE4DF61-93CA-11D2-AA0D-00E098032B8C:BootOptionSupport Success
[Variable] Lock: 8BE4DF61-93CA-11D2-AA0D-00E098032B8C:HwErrRecSupport Success
[Variable] Lock: 8BE4DF61-93CA-11D2-AA0D-00E098032B8C:OsIndicationsSupported Success
Variable Driver Auto Update Lang, Lang:eng, PlatformLang:en Status: Success
[Variable] Lock: 8BE4DF61-93CA-11D2-AA0D-00E098032B8C:PlatformRecovery0000 Success
PlatformBootManagerBeforeConsole
Registered NotifyDevPath Event
PCI Bus First Scanning
PciBus: Discovered PCI @ [00|00|00]

PciBus: Discovered PCI @ [00|01|00]

PciBus: Discovered PCI @ [00|01|01]
   BAR[4]: Type =   Io32; Alignment = 0xF;	Length = 0x10;	Offset = 0x20

PciBus: Discovered PCI @ [00|01|03]

PciBus: Discovered PCI @ [00|02|00]
   BAR[0]: Type = PMem32; Alignment = 0xFFFFFF;	Length = 0x1000000;	Offset = 0x10
   BAR[2]: Type =  Mem32; Alignment = 0xFFF;	Length = 0x1000;	Offset = 0x18

PCI Bus Second Scanning
PciBus: Discovered PCI @ [00|00|00]

PciBus: Discovered PCI @ [00|01|00]

PciBus: Discovered PCI @ [00|01|01]
   BAR[4]: Type =   Io32; Alignment = 0xF;	Length = 0x10;	Offset = 0x20

PciBus: Discovered PCI @ [00|01|03]

PciBus: Discovered PCI @ [00|02|00]
   BAR[0]: Type = PMem32; Alignment = 0xFFFFFF;	Length = 0x1000000;	Offset = 0x10
   BAR[2]: Type =  Mem32; Alignment = 0xFFF;	Length = 0x1000;	Offset = 0x18

PciBus: Discovered PCI @ [00|00|00]

PciBus: Discovered PCI @ [00|01|00]

PciBus: Discovered PCI @ [00|01|01]
   BAR[4]: Type =   Io32; Alignment = 0xF;	Length = 0x10;	Offset = 0x20

PciBus: Discovered PCI @ [00|01|03]

PciBus: Discovered PCI @ [00|02|00]
   BAR[0]: Type = PMem32; Alignment = 0xFFFFFF;	Length = 0x1000000;	Offset = 0x10
   BAR[2]: Type =  Mem32; Alignment = 0xFFF;	Length = 0x1000;	Offset = 0x18

PciHostBridge: SubmitResources for PciRoot(0x0)
 I/O: Granularity/SpecificFlag = 0 / 01
      Length/Alignment = 0x1000 / 0xFFF
 Mem: Granularity/SpecificFlag = 32 / 00
      Length/Alignment = 0x1100000 / 0xFFFFFF
PciBus: HostBridge->SubmitResources() - Success
PciHostBridge: NotifyPhase (AllocateResources)
 RootBridge: PciRoot(0x0)
  Mem: Base/Length/Alignment = 80000000/1100000/FFFFFF - Success
  I/O: Base/Length/Alignment = C000/1000/FFF - Success
PciBus: HostBridge->NotifyPhase(AllocateResources) - Success
Process Option ROM: BAR Base/Length = 81000000/10000
PciBus: Resource Map for Root Bridge PciRoot(0x0)
Type =   Io16; Base = 0xC000;	Length = 0x1000;	Alignment = 0xFFF
   Base = 0xC000;	Length = 0x10;	Alignment = 0xF;	Owner = PCI [00|01|01:20]
Type =  Mem32; Base = 0x80000000;	Length = 0x1100000;	Alignment = 0xFFFFFF
   Base = 0x80000000;	Length = 0x1000000;	Alignment = 0xFFFFFF;	Owner = PCI [00|02|00:10]; Type = PMem32
   Base = 0x81000000;	Length = 0x10000;	Alignment = 0xFFFF;	Owner = PCI [00|00|00:00]; Type =  OpRom
   Base = 0x81010000;	Length = 0x1000;	Alignment = 0xFFF;	Owner = PCI [00|02|00:18]

InstallProtocolInterface: 09576E91-6D3F-11D2-8E39-00A0C969723B 1F26E818
InstallProtocolInterface: 4CF5B200-68B8-4CA5-9EEC-B23E3F50029A 1F26D028
InstallProtocolInterface: 09576E91-6D3F-11D2-8E39-00A0C969723B 1F26E898
InstallProtocolInterface: 4CF5B200-68B8-4CA5-9EEC-B23E3F50029A 1F26D428
InstallProtocolInterface: 09576E91-6D3F-11D2-8E39-00A0C969723B 1F26DE98
InstallProtocolInterface: 4CF5B200-68B8-4CA5-9EEC-B23E3F50029A 1F26D828
InstallProtocolInterface: 09576E91-6D3F-11D2-8E39-00A0C969723B 1F26DF18
InstallProtocolInterface: 4CF5B200-68B8-4CA5-9EEC-B23E3F50029A 1F26C028
InstallProtocolInterface: 09576E91-6D3F-11D2-8E39-00A0C969723B 1F26DF98
InstallProtocolInterface: 4CF5B200-68B8-4CA5-9EEC-B23E3F50029A 1F26C428
InstallProtocolInterface: 30CFE3E7-3DE1-4586-BE20-DEABA1B3B793 0
OnRootBridgesConnected: root bridges have been connected, installing ACPI tables
Select Item: 0x19
Select Item: 0x27
Select Item: 0x19
Select Item: 0x25
Select Item: 0x19
Select Item: 0x29
Select Item: 0x19
Select Item: 0x26
InstallQemuFwCfgTables: installed 6 tables
AcpiS3ContextSave!
AcpiS3Context: AcpiFacsTable is 0x1FBFD000
AcpiS3Context: IdtrProfile is 0x1FBF0000
AcpiS3Context: S3NvsPageTableAddress is 0x       0
AcpiS3Context: S3DebugBufferAddress is 0x1E91A000
AcpiS3Context: BootScriptStackBase is 0x1E91B000
AcpiS3Context: BootScriptStackSize is 0x    8000
[Variable]END_OF_DXE is signaled
Initialize variable error flag (FF)
Select Item: 0x19
Select Item: 0x25
InstallProtocolInterface: 60FF8964-E906-41D0-AFED-F241E974E08E 0
InstallProtocolInterface: FA20568B-548B-4B2B-81EF-1BA08D4A3CEC 0
Select Item: 0x0
FW CFG Signature: 0x554D4551
Select Item: 0x1
FW CFG Revision: 0x3
QemuFwCfg interface (DMA) is supported.
Select Item: 0x19
Select Item: 0x25
Found LPC Bridge device
BdsPlatform.c+596: COM1 DevPath: PciRoot(0x0)/Pci(0x1,0x0)/Serial(0x0)/Uart(115200,8,N,1)/VenMsg(E0C14753-F9BE-11D2-9A0C-0090273FC14D)
BdsPlatform.c+628: COM2 DevPath: PciRoot(0x0)/Pci(0x1,0x0)/Serial(0x1)/Uart(115200,8,N,1)/VenMsg(E0C14753-F9BE-11D2-9A0C-0090273FC14D)
Found PCI display device
QemuVideo: QEMU Standard VGA detected
QemuVideo: Using mmio bar @ 0x81010000
InstallProtocolInterface: 09576E91-6D3F-11D2-8E39-00A0C969723B 1F25AF18
QemuVideoBochsModeSetup: AvailableFbSize=0x1000000
Adding Mode 0 as Bochs Internal Mode 0: 640x480, 32-bit
Adding Mode 1 as Bochs Internal Mode 1: 800x480, 32-bit
Adding Mode 2 as Bochs Internal Mode 2: 800x600, 32-bit
Adding Mode 3 as Bochs Internal Mode 3: 832x624, 32-bit
Adding Mode 4 as Bochs Internal Mode 4: 960x640, 32-bit
Adding Mode 5 as Bochs Internal Mode 5: 1024x600, 32-bit
Adding Mode 6 as Bochs Internal Mode 6: 1024x768, 32-bit
Adding Mode 7 as Bochs Internal Mode 7: 1152x864, 32-bit
Adding Mode 8 as Bochs Internal Mode 8: 1152x870, 32-bit
Adding Mode 9 as Bochs Internal Mode 9: 1280x720, 32-bit
Adding Mode 10 as Bochs Internal Mode 10: 1280x760, 32-bit
Adding Mode 11 as Bochs Internal Mode 11: 1280x768, 32-bit
Adding Mode 12 as Bochs Internal Mode 12: 1280x800, 32-bit
Adding Mode 13 as Bochs Internal Mode 13: 1280x960, 32-bit
Adding Mode 14 as Bochs Internal Mode 14: 1280x1024, 32-bit
Adding Mode 15 as Bochs Internal Mode 15: 1360x768, 32-bit
Adding Mode 16 as Bochs Internal Mode 16: 1366x768, 32-bit
Adding Mode 17 as Bochs Internal Mode 17: 1400x1050, 32-bit
Adding Mode 18 as Bochs Internal Mode 18: 1440x900, 32-bit
Adding Mode 19 as Bochs Internal Mode 19: 1600x900, 32-bit
Adding Mode 20 as Bochs Internal Mode 20: 1600x1200, 32-bit
Adding Mode 21 as Bochs Internal Mode 21: 1680x1050, 32-bit
Adding Mode 22 as Bochs Internal Mode 22: 1920x1080, 32-bit
Adding Mode 23 as Bochs Internal Mode 23: 1920x1200, 32-bit
Adding Mode 24 as Bochs Internal Mode 24: 1920x1440, 32-bit
Adding Mode 25 as Bochs Internal Mode 25: 2000x2000, 32-bit
Adding Mode 26 as Bochs Internal Mode 26: 2048x1536, 32-bit
Adding Mode 27 as Bochs Internal Mode 27: 2048x2048, 32-bit
Adding Mode 28 as Bochs Internal Mode 28: 2560x1440, 32-bit
Adding Mode 29 as Bochs Internal Mode 29: 2560x1600, 32-bit
InitializeBochsGraphicsMode: 640x480 @ 32
PixelBlueGreenRedReserved8BitPerColor
FrameBufferBase: 0x80000000, FrameBufferSize: 0x12C000
0: shl:0 shr:0 mask:FF0000
1: shl:0 shr:0 mask:FF00
2: shl:0 shr:0 mask:FF
Bytes per pixel: 4
0: shl:0 shr:0 mask:FF0000
1: shl:0 shr:0 mask:FF00
2: shl:0 shr:0 mask:FF
Bytes per pixel: 4
InstallProtocolInterface: 9042A9DE-23DC-4A38-96FB-7ADED080516A 1F6CB338
InstallVbeShim: VBE shim installed
PixelBlueGreenRedReserved8BitPerColor
PixelBlueGreenRedReserved8BitPerColor
PixelBlueGreenRedReserved8BitPerColor
PixelBlueGreenRedReserved8BitPerColor
PixelBlueGreenRedReserved8BitPerColor
PixelBlueGreenRedReserved8BitPerColor
PixelBlueGreenRedReserved8BitPerColor
PixelBlueGreenRedReserved8BitPerColor
PixelBlueGreenRedReserved8BitPerColor
PixelBlueGreenRedReserved8BitPerColor
PixelBlueGreenRedReserved8BitPerColor
PixelBlueGreenRedReserved8BitPerColor
PixelBlueGreenRedReserved8BitPerColor
PixelBlueGreenRedReserved8BitPerColor
PixelBlueGreenRedReserved8BitPerColor
PixelBlueGreenRedReserved8BitPerColor
PixelBlueGreenRedReserved8BitPerColor
PixelBlueGreenRedReserved8BitPerColor
PixelBlueGreenRedReserved8BitPerColor
PixelBlueGreenRedReserved8BitPerColor
PixelBlueGreenRedReserved8BitPerColor
PixelBlueGreenRedReserved8BitPerColor
PixelBlueGreenRedReserved8BitPerColor
PixelBlueGreenRedReserved8BitPerColor
PixelBlueGreenRedReserved8BitPerColor
PixelBlueGreenRedReserved8BitPerColor
PixelBlueGreenRedReserved8BitPerColor
PixelBlueGreenRedReserved8BitPerColor
PixelBlueGreenRedReserved8BitPerColor
PixelBlueGreenRedReserved8BitPerColor
Select Item: 0xE
[Bds]RegisterKeyNotify: 000C/0000 80000000/00 Success
[Bds]RegisterKeyNotify: 0017/0000 80000000/00 Success
[Bds]RegisterKeyNotify: 0000/000D 80000000/00 Success
InstallProtocolInterface: 864E1CA8-85EB-4D63-9DCC-6E0FC90FFD55 1F231198
InstallProtocolInterface: 09576E91-6D3F-11D2-8E39-00A0C969723B 1F25CB18
InstallProtocolInterface: 215FDD18-BD50-4FEB-890B-58CA0B4739E9 1F25CAB8
InstallProtocolInterface: 09576E91-6D3F-11D2-8E39-00A0C969723B 1F292698
InstallProtocolInterface: 215FDD18-BD50-4FEB-890B-58CA0B4739E9 1F25BE38
InstallProtocolInterface: 09576E91-6D3F-11D2-8E39-00A0C969723B 1F292898
InstallProtocolInterface: 215FDD18-BD50-4FEB-890B-58CA0B4739E9 1F2927B8
ClockRate = 1843200
Divisor   = 1
BaudRate/Actual (115200/115200) = 100%
ClockRate = 1843200
Divisor   = 1
BaudRate/Actual (115200/115200) = 100%
InstallProtocolInterface: 09576E91-6D3F-11D2-8E39-00A0C969723B 1F25BA98
InstallProtocolInterface: BB25CF6F-F1D4-11D2-9A0C-0090273FC1FD 1F231328
PciSioSerial: Create SIO child serial device - Success
ClockRate = 1843200
Divisor   = 1
BaudRate/Actual (115200/115200) = 100%
Terminal - Mode 0, Column = 80, Row = 25
Terminal - Mode 1, Column = 80, Row = 50
Terminal - Mode 2, Column = 100, Row = 31
ClockRate = 1843200
Divisor   = 1
BaudRate/Actual (115200/115200) = 100%
InstallProtocolInterface: 387477C1-69C7-11D2-8E39-00A0C969723B 1F230040
InstallProtocolInterface: DD9E7534-7762-4698-8C14-F58517A625AA 1F230128
InstallProtocolInterface: 387477C2-69C7-11D2-8E39-00A0C969723B 1F230058
InstallProtocolInterface: 09576E91-6D3F-11D2-8E39-00A0C969723B 1F230C18
InstallProtocolInterface: D3B36F2B-D551-11D4-9A46-0090273FC14D 0
InstallProtocolInterface: D3B36F2C-D551-11D4-9A46-0090273FC14D 0
InstallProtocolInterface: D3B36F2D-D551-11D4-9A46-0090273FC14D 0
ClockRate = 1843200
Divisor   = 1
BaudRate/Actual (115200/115200) = 100%
PciSioSerial: Create SIO child serial device - Device Error
PixelBlueGreenRedReserved8BitPerColor
PixelBlueGreenRedReserved8BitPerColor
PixelBlueGreenRedReserved8BitPerColor
InitializeBochsGraphicsMode: 800x600 @ 32
PixelBlueGreenRedReserved8BitPerColor
FrameBufferBase: 0x80000000, FrameBufferSize: 0x1D5000
0: shl:0 shr:0 mask:FF0000
1: shl:0 shr:0 mask:FF00
2: shl:0 shr:0 mask:FF
Bytes per pixel: 4
0: shl:0 shr:0 mask:FF0000
1: shl:0 shr:0 mask:FF00
2: shl:0 shr:0 mask:FF
Bytes per pixel: 4
GraphicsConsole video resolution 800 x 600
Graphics - Mode 0, Column = 80, Row = 25
Graphics - Mode 1, Column = 0, Row = 0
Graphics - Mode 2, Column = 100, Row = 31
Graphics Console Started, Mode: 0
InstallProtocolInterface: 387477C2-69C7-11D2-8E39-00A0C969723B 1F22B0B0
InstallProtocolInterface: D3B36F2C-D551-11D4-9A46-0090273FC14D 0
PixelBlueGreenRedReserved8BitPerColor
PixelBlueGreenRedReserved8BitPerColor
PixelBlueGreenRedReserved8BitPerColor
PixelBlueGreenRedReserved8BitPerColor
PixelBlueGreenRedReserved8BitPerColor
PixelBlueGreenRedReserved8BitPerColor
PixelBlueGreenRedReserved8BitPerColor
PixelBlueGreenRedReserved8BitPerColor
PixelBlueGreenRedReserved8BitPerColor
PixelBlueGreenRedReserved8BitPerColor
PixelBlueGreenRedReserved8BitPerColor
PixelBlueGreenRedReserved8BitPerColor
PixelBlueGreenRedReserved8BitPerColor
PixelBlueGreenRedReserved8BitPerColor
PixelBlueGreenRedReserved8BitPerColor
PixelBlueGreenRedReserved8BitPerColor
PixelBlueGreenRedReserved8BitPerColor
PixelBlueGreenRedReserved8BitPerColor
PixelBlueGreenRedReserved8BitPerColor
PixelBlueGreenRedReserved8BitPerColor
PixelBlueGreenRedReserved8BitPerColor
PixelBlueGreenRedReserved8BitPerColor
PixelBlueGreenRedReserved8BitPerColor
PixelBlueGreenRedReserved8BitPerColor
PixelBlueGreenRedReserved8BitPerColor
PixelBlueGreenRedReserved8BitPerColor
PixelBlueGreenRedReserved8BitPerColor
PixelBlueGreenRedReserved8BitPerColor
PixelBlueGreenRedReserved8BitPerColor
PixelBlueGreenRedReserved8BitPerColor
InstallProtocolInterface: 9042A9DE-23DC-4A38-96FB-7ADED080516A 1FA39E80
InstallProtocolInterface: 387477C1-69C7-11D2-8E39-00A0C969723B 1F226028
InstallProtocolInterface: DD9E7534-7762-4698-8C14-F58517A625AA 1F226040
InstallProtocolInterface: D3B36F2B-D551-11D4-9A46-0090273FC14D 0
ClockRate = 1843200
Divisor   = 1
BaudRate/Actual (115200/115200) = 100%
PciSioSerial: Create SIO child serial device - Device Error
ClockRate = 1843200
Divisor   = 1
BaudRate/Actual (115200/115200) = 100%
PciSioSerial: Create SIO child serial device - Device Error
PlatformBootManagerAfterConsole
Found Mass Storage device: PciRoot(0x0)/Pci(0x1,0x1)
SataControllerStart START
InstallProtocolInterface: A1E37052-80D9-4E65-A317-3E9A55C43EC9 1F2254A0
SataControllerStart END status = Success
==AtaAtapiPassThru Start== Controller = 1F26DC18
[primary  ] channel [master] [harddisk] device
Enabled S.M.A.R.T feature at [primary] channel [master] device!
CalculateBestPioMode: AdvancedPioMode = 3
IdeInitCalculateMode: PioMode = 4
CalculateBestUdmaMode: DeviceUDmaMode = 203F
IdeInitCalculateMode: UdmaMode = 5
[secondary] channel [master] [cdrom   ] device
CalculateBestPioMode: AdvancedPioMode = 3
IdeInitCalculateMode: PioMode = 3
CalculateBestUdmaMode: DeviceUDmaMode = 203F
IdeInitCalculateMode: UdmaMode = 5
InstallProtocolInterface: 1D3DE7F0-0807-424F-AA69-11A54E19A46F 1F2250C0
InstallProtocolInterface: 143B7632-B81B-4CB7-ABD3-B625A5B9BFFE 1F225110
InstallProtocolInterface: 19DF145A-B1D4-453F-8507-38816676D7F6 1F223D98
AtaBus - Identify Device: Port 0 PortMultiplierPort 0
InstallProtocolInterface: 09576E91-6D3F-11D2-8E39-00A0C969723B 1F223C98
InstallProtocolInterface: 964E5B21-6459-11D2-8E39-00A0C969723B 1F223328
InstallProtocolInterface: A77B2472-E282-4E9F-A245-C2C0E27BBCC1 1F223358
InstallProtocolInterface: D432A67F-14DC-484B-B3BB-3F0291849327 1F2233B0
Found TCG support in Port 0 PortMultiplierPort 0
InstallProtocolInterface: C88B0B6D-0DFC-49A7-9CB4-49074B4C3A78 1F2233E8
Successfully Install Storage Security Protocol on the ATA device
InstallProtocolInterface: 0167CCC4-D0F7-4F21-A3EF-9E64B7CDCE8B 1F220C20
InstallProtocolInterface: 09576E91-6D3F-11D2-8E39-00A0C969723B 1F220A98
InstallProtocolInterface: 932F47E6-2362-4002-803E-3CD54B138F85 1F2207A8
InstallProtocolInterface: 964E5B21-6459-11D2-8E39-00A0C969723B 1F21F038
InstallProtocolInterface: A77B2472-E282-4E9F-A245-C2C0E27BBCC1 1F21F068
InstallProtocolInterface: D432A67F-14DC-484B-B3BB-3F0291849327 1F21F160
InstallProtocolInterface: CE345171-BA0B-11D2-8E4F-00A0C969723B 1F21FBA0
InstallProtocolInterface: 151C8EAE-7F2C-472C-9E54-9828194F6A88 1F21FBB8
 BlockSize : 2048 
 LastBlock : 0 
FatOpenDevice: read of part_lba failed No Media
InstallProtocolInterface: CE345171-BA0B-11D2-8E4F-00A0C969723B 1F220220
InstallProtocolInterface: 151C8EAE-7F2C-472C-9E54-9828194F6A88 1F220238
 BlockSize : 512 
 LastBlock : 16E35 
 Valid efi partition table header
 Valid efi partition table header
 Valid primary and Valid backup partition table
 Partition entries read block success
 Number of partition entries: 128
 start check partition entries
 End check partition entries
 Index : 0
 Start LBA : 800
 End LBA : 16E14
 Partition size: 16615
 Start : 100000 End : 2DC2800
InstallProtocolInterface: 09576E91-6D3F-11D2-8E39-00A0C969723B 1F21E798
InstallProtocolInterface: 964E5B21-6459-11D2-8E39-00A0C969723B 1F210030
InstallProtocolInterface: A77B2472-E282-4E9F-A245-C2C0E27BBCC1 1F210060
InstallProtocolInterface: 8CF2F62C-BC9B-4821-808D-EC9EC421A1A0 1F2100E8
InstallProtocolInterface: C12A7328-F81F-11D2-BA4B-00A0C93EC93B 0
Prepare to Free Pool
InstallProtocolInterface: CE345171-BA0B-11D2-8E4F-00A0C969723B 1F21E0A0
InstallProtocolInterface: 151C8EAE-7F2C-472C-9E54-9828194F6A88 1F21E0B8
 BlockSize : 512 
 LastBlock : 16614 
InstallProtocolInterface: 964E5B22-6459-11D2-8E39-00A0C969723B 1F215030
Installed Fat filesystem on 1F21E698
FsAccess.c: LoadNvVarsFromFs
FsAccess.c: Could not open NV Variables file on this file system
Error while restoring NV variable data
FSOpen: Created new directory entry 'NvVars'
FSOpen: Open 'NvVars' Success
Saved NV Variables to NvVars file
EmuVariablesUpdatedCallback
FSOpen: Open 'NvVars' Success
Saved NV Variables to NvVars file
Boot Mode:0
Select Item: 0x8
Select Item: 0x17
qemu -kernel was not used.
PlatformBdsConnectSequence
Select Item: 0x19
EfiBootManagerConnectAll
ClockRate = 1843200
Divisor   = 1
BaudRate/Actual (115200/115200) = 100%
PciSioSerial: Create SIO child serial device - Device Error
SataControllerStart START
SataControllerStart error return status = Already started
 BlockSize : 2048 
 LastBlock : 0 
FatOpenDevice: read of part_lba failed No Media
 BlockSize : 512 
 LastBlock : 16E35 
 Valid efi partition table header
 Valid efi partition table header
 Valid primary and Valid backup partition table
 Partition entries read block success
 Number of partition entries: 128
 start check partition entries
 End check partition entries
 Index : 0
 Start LBA : 800
 End LBA : 16E14
 Partition size: 16615
 Start : 100000 End : 2DC2800
Prepare to Free Pool
ClockRate = 1843200
Divisor   = 1
BaudRate/Actual (115200/115200) = 100%
PciSioSerial: Create SIO child serial device - Device Error
SataControllerStart START
SataControllerStart error return status = Already started
 BlockSize : 2048 
 LastBlock : 0 
FatOpenDevice: read of part_lba failed No Media
 BlockSize : 512 
 LastBlock : 16E35 
 Valid efi partition table header
 Valid efi partition table header
 Valid primary and Valid backup partition table
 Partition entries read block success
 Number of partition entries: 128
 start check partition entries
 End check partition entries
 Index : 0
 Start LBA : 800
 End LBA : 16E14
 Partition size: 16615
 Start : 100000 End : 2DC2800
Prepare to Free Pool
ClockRate = 1843200
Divisor   = 1
BaudRate/Actual (115200/115200) = 100%
PciSioSerial: Create SIO child serial device - Device Error
 BlockSize : 512 
 LastBlock : 16E35 
 Valid efi partition table header
 Valid efi partition table header
 Valid primary and Valid backup partition table
 Partition entries read block success
 Number of partition entries: 128
 start check partition entries
 End check partition entries
 Index : 0
 Start LBA : 800
 End LBA : 16E14
 Partition size: 16615
 Start : 100000 End : 2DC2800
Prepare to Free Pool
 BlockSize : 2048 
 LastBlock : 0 
FatOpenDevice: read of part_lba failed No Media
EmuVariablesUpdatedCallback
FSOpen: Open 'NvVars' Success
Saved NV Variables to NvVars file
EmuVariablesUpdatedCallback
FSOpen: Open 'NvVars' Success
Saved NV Variables to NvVars file
EmuVariablesUpdatedCallback
FSOpen: Open 'NvVars' Success
Saved NV Variables to NvVars file
EmuVariablesUpdatedCallback
FSOpen: Open 'NvVars' Success
Saved NV Variables to NvVars file
EmuVariablesUpdatedCallback
FSOpen: Open 'NvVars' Success
Saved NV Variables to NvVars file
EmuVariablesUpdatedCallback
FSOpen: Open 'NvVars' Success
Saved NV Variables to NvVars file
Select Item: 0x19
[Bds]OsIndication: 0000000000000000
[Bds]=============Begin Load Options Dumping ...=============
  Driver Options:
  SysPrep Options:
  Boot Options:
    Boot0000: UiApp 		 0x0109
    Boot0001: UEFI QEMU DVD-ROM QM00003  		 0x0001
    Boot0002: UEFI QEMU HARDDISK QM00001  		 0x0001
    Boot0003: EFI Internal Shell 		 0x0001
  PlatformRecovery Options:
    PlatformRecovery0000: Default PlatformRecovery 		 0x0001
[Bds]=============End Load Options Dumping=============
[Bds]BdsWait ...Zzzzzzzzzzzz...
[Bds]Exit the waiting!
[Bds]Stop Hotkey Service!
[Bds]UnregisterKeyNotify: 000C/0000 Success
[Bds]UnregisterKeyNotify: 0017/0000 Success
[Bds]UnregisterKeyNotify: 0000/000D Success
Memory  Previous  Current    Next   
 Type    Pages     Pages     Pages  
======  ========  ========  ========
  0A    00000004  00000022  0000002A
  09    00000008  00000008  00000008
  00    00000004  00000021  00000029
  06    00000024  000000C2  000000F2
  05    00000030  00000040  00000050
  03    00000180  000002C6  00000377
  04    00000F00  00000FC9  000013BB
EmuVariablesUpdatedCallback
FSOpen: Open 'NvVars' Success
Saved NV Variables to NvVars file
Memory Type Information settings change.
[Bds]Booting UEFI QEMU DVD-ROM QM00003 
FatOpenDevice: read of part_lba failed No Media
 BlockSize : 2048 
 LastBlock : 0 
FatOpenDevice: read of part_lba failed No Media
[Bds] Expand PciRoot(0x0)/Pci(0x1,0x1)/Ata(Secondary,Master,0x0) -> <null string>
Memory  Previous  Current    Next   
 Type    Pages     Pages     Pages  
======  ========  ========  ========
  0A    00000004  00000022  0000002A
  09    00000008  00000008  00000008
  00    00000004  00000021  00000029
  06    00000024  000000C2  000000F2
  05    00000030  00000040  00000050
  03    00000180  000002C6  00000377
  04    00000F00  00000FD3  000013C7
EmuVariablesUpdatedCallback
FSOpen: Open 'NvVars' Success
Saved NV Variables to NvVars file
Memory Type Information settings change.
[Bds]Booting UEFI QEMU HARDDISK QM00001 
 BlockSize : 512 
 LastBlock : 16E35 
 Valid efi partition table header
 Valid efi partition table header
 Valid primary and Valid backup partition table
 Partition entries read block success
 Number of partition entries: 128
 start check partition entries
 End check partition entries
 Index : 0
 Start LBA : 800
 End LBA : 16E14
 Partition size: 16615
 Start : 100000 End : 2DC2800
Prepare to Free Pool
 BlockSize : 512 
 LastBlock : 16E35 
 Valid efi partition table header
 Valid efi partition table header
 Valid primary and Valid backup partition table
 Partition entries read block success
 Number of partition entries: 128
 start check partition entries
 End check partition entries
 Index : 0
 Start LBA : 800
 End LBA : 16E14
 Partition size: 16615
 Start : 100000 End : 2DC2800
Prepare to Free Pool
[Bds] Expand PciRoot(0x0)/Pci(0x1,0x1)/Ata(Primary,Master,0x0) -> <null string>
Memory  Previous  Current    Next   
 Type    Pages     Pages     Pages  
======  ========  ========  ========
  0A    00000004  00000022  0000002A
  09    00000008  00000008  00000008
  00    00000004  00000021  00000029
  06    00000024  000000C2  000000F2
  05    00000030  00000040  00000050
  03    00000180  000002C6  00000377
  04    00000F00  00000FE6  000013DF
EmuVariablesUpdatedCallback
FSOpen: Open 'NvVars' Success
Saved NV Variables to NvVars file
Memory Type Information settings change.
[Bds]Booting EFI Internal Shell
[Bds] Expand Fv(7CB8BDC9-F8EB-4F34-AAEA-3EE4AF6516A1)/FvFile(7C04A583-9E3E-4F1C-AD65-E05268D0B4D1) -> Fv(7CB8BDC9-F8EB-4F34-AAEA-3EE4AF6516A1)/FvFile(7C04A583-9E3E-4F1C-AD65-E05268D0B4D1)
InstallProtocolInterface: 5B1B31A1-9562-11D2-8E3F-00A0C969723B 1EB4DD40
Loading driver at 0x0001E64A000 EntryPoint=0x0001E672CB8 Shell.efi
InstallProtocolInterface: BC62157E-3E33-4FEC-9920-2D3B36D750DF 1F211498
ProtectUefiImageCommon - 0x1EB4DD40
  - 0x000000001E64A000 - 0x00000000000E2340
InstallProtocolInterface: 387477C2-69C7-11D2-8E39-00A0C969723B 1EB25120
InstallProtocolInterface: 752F3136-4E16-4FDC-A22A-E5F46812F4CA 1E809D98
InstallProtocolInterface: 6302D008-7F9B-4F30-87AC-60C9FEF5DA4E 1E7265E0
FSOpen: Open '\' Success
FSOpen: Open '.' Success
FSOpen: Open '.' Success
FSOpen: Open '\EFI' Success
FSOpen: Open '\NvVars' Success
FSOpen: Open '\EFI' Success
FSOpen: Open '.' Success
FSOpen: Open '\EFI' Success
FSOpen: Open '.' Success
FSOpen: Open '\EFI' Success
FSOpen: Open '.' Success
FSOpen: Open '..' Success
FSOpen: Open '\EFI\BOOT' Success
FSOpen: Open '\EFI\BOOT' Success
FSOpen: Open '.' Success
FSOpen: Open '\EFI' Success
FSOpen: Open '.' Success
FSOpen: Open '..' Success
FSOpen: Open '\EFI\BOOT' Success
FSOpen: Open '.' Success
FSOpen: Open '\EFI' Success
FSOpen: Open '.' Success
FSOpen: Open '..' Success
FSOpen: Open '\EFI\BOOT' Success
FSOpen: Open '.' Success
FSOpen: Open '..' Success
FSOpen: Open '..' Success
FSOpen: Open '\EFI\BOOT\BOOTIA32.EFI' Success
FSOpen: Open '\EFI\BOOT\BOOTIA32.EFI' Success
FSOpen: Open '\EFI\BOOT\BOOTIA32.EFI' Success
FSOpen: Open '\EFI\BOOT\BOOTIA32.EFI' Success
[Security] 3rd party image[0] can be loaded after EndOfDxe: PciRoot(0x0)/Pci(0x1,0x1)/Ata(Primary,Master,0x0)/HD(1,GPT,60756113-BD12-4983-9EBD-E622214C94A1,0x800,0x16615)/\EFI\BOOT\BOOTIA32.EFI.
InstallProtocolInterface: 5B1B31A1-9562-11D2-8E3F-00A0C969723B 1E7DC040
Loading driver at 0x0001E7AD000 EntryPoint=0x0001E7AF1B4 Loader.efi
InstallProtocolInterface: BC62157E-3E33-4FEC-9920-2D3B36D750DF 1E7DE418
ProtectUefiImageCommon - 0x1E7DC040
  - 0x000000001E7AD000 - 0x000000000000B480
InstallProtocolInterface: 752F3136-4E16-4FDC-A22A-E5F46812F4CA 1FE9F698
InitializeBochsGraphicsMode: 640x480 @ 32
PixelBlueGreenRedReserved8BitPerColor
FrameBufferBase: 0x80000000, FrameBufferSize: 0x12C000
0: shl:0 shr:0 mask:FF0000
1: shl:0 shr:0 mask:FF00
2: shl:0 shr:0 mask:FF
Bytes per pixel: 4
PixelBlueGreenRedReserved8BitPerColor
InitializeBochsGraphicsMode: 640x480 @ 32
PixelBlueGreenRedReserved8BitPerColor
FrameBufferBase: 0x80000000, FrameBufferSize: 0x12C000
0: shl:0 shr:0 mask:FF0000
1: shl:0 shr:0 mask:FF00
2: shl:0 shr:0 mask:FF
Bytes per pixel: 4
FSOpen: Open '\EFI\BOOT\Kernel64.txt' Success
FSOpen: Open '\EFI\BOOT\kernel' Success
ClockRate = 1843200
Divisor   = 1
BaudRate/Actual (115200/115200) = 100%
ClockRate = 1843200
Divisor   = 1
BaudRate/Actual (115200/115200) = 100%
SetUefiImageMemoryAttributes - 0x000000001FBC5000 - 0x0000000000006000 (0x0000000000000008)
SetUefiImageMemoryAttributes - 0x000000001FBBF000 - 0x0000000000006000 (0x0000000000000008)
SetUefiImageMemoryAttributes - 0x000000001FBB8000 - 0x0000000000007000 (0x0000000000000008)
SetUefiImageMemoryAttributes - 0x000000001FBB2000 - 0x0000000000006000 (0x0000000000000008)
SetUefiImageMemoryAttributes - 0x000000001FBA3000 - 0x000000000000F000 (0x0000000000000008)
SetUefiImageMemoryAttributes - 0x000000001FB9D000 - 0x0000000000006000 (0x0000000000000008)
SetUefiImageMemoryAttributes - 0x000000001EA85000 - 0x0000000000007000 (0x0000000000000008)
SetUefiImageMemoryAttributes - 0x000000001EA7B000 - 0x0000000000005000 (0x0000000000000008)
SetUefiImageMemoryAttributes - 0x000000001EA70000 - 0x0000000000006000 (0x0000000000000008)
